nohup: ignoring input
Sanity check …
  encoded  : torch.Size([2, 16, 64, 64])  mean=0.0000  var=1.0000
  logits   : torch.Size([2, 256])
  atk grad : 1.15e-05  ✓
  L_bit    : 0.6963  L_amp : 0.0000
  Acc      : 54.3%
Sanity check passed ✓

Device     : cuda
Parameters : 2,757,297
Warmup     : 1000 epochs (no attack)
Save dir   : ./weights/
============================================================================
    Ep    Loss  L_bit  L_amp    Acc%      α   atk
============================================================================
   100  0.9582 0.6691 0.0013  58.56% 0.2159 0.000
   200  0.8712 0.6106 0.0024  66.24% 0.2250 0.000
   300  0.7848 0.5624 0.0086  71.04% 0.2500 0.000
   400  0.7100 0.5158 0.0077  74.62% 0.2500 0.000
   500  0.6476 0.4709 0.0081  77.66% 0.2500 0.000
   600  0.5862 0.4268 0.0093  80.24% 0.2500 0.000
   700  0.5280 0.3844 0.0101  82.90% 0.2500 0.000
   800  0.4692 0.3408 0.0107  85.42% 0.2500 0.000
   900  0.4266 0.3144 0.0111  87.00% 0.2500 0.000
  1000  0.3955 0.2900 0.0117  88.22% 0.2500 0.000
  1001  0.3931 0.2903 0.0116  88.14% 0.2500 0.000 ★
  1022  0.3896 0.2841 0.0128  88.59% 0.2500 0.001 ★
  1041  0.3867 0.2826 0.0134  88.67% 0.2500 0.003 ★
  1056  0.3796 0.2774 0.0130  88.85% 0.2500 0.004 ★
  1075  0.3672 0.2780 0.0135  89.08% 0.2500 0.005 ★
  1092  0.3688 0.2685 0.0138  89.14% 0.2500 0.006 ★
  1096  0.3693 0.2696 0.0138  89.30% 0.2500 0.007 ★
  1097  0.3676 0.2693 0.0139  89.32% 0.2500 0.007 ★
  1100  0.3807 0.2745 0.0138  88.68% 0.2500 0.007
  1108  0.3627 0.2609 0.0137  89.35% 0.2500 0.007 ★
  1109  0.3575 0.2671 0.0137  89.65% 0.2500 0.008 ★
  1122  0.3584 0.2697 0.0134  89.69% 0.2500 0.008 ★
  1130  0.3545 0.2638 0.0138  89.75% 0.2500 0.009 ★
  1147  0.3540 0.2553 0.0138  89.78% 0.2500 0.010 ★
  1157  0.3494 0.2533 0.0137  89.85% 0.2500 0.011 ★
  1158  0.3448 0.2542 0.0137  89.97% 0.2500 0.011 ★
  1165  0.3433 0.2573 0.0137  90.05% 0.2500 0.011 ★
  1184  0.3433 0.2474 0.0141  90.16% 0.2500 0.013 ★
  1188  0.3372 0.2491 0.0141  90.24% 0.2500 0.013 ★
  1200  0.3367 0.2505 0.0139  90.20% 0.2500 0.014
  1201  0.3363 0.2461 0.0141  90.26% 0.2500 0.014 ★
  1210  0.3329 0.2440 0.0143  90.29% 0.2500 0.015 ★
  1226  0.3353 0.2547 0.0139  90.44% 0.2500 0.016 ★
  1246  0.3271 0.2345 0.0141  90.60% 0.2500 0.017 ★
  1252  0.3232 0.2351 0.0142  90.82% 0.2500 0.018 ★
  1272  0.3218 0.2383 0.0139  90.83% 0.2500 0.019 ★
  1280  0.3171 0.2284 0.0142  90.98% 0.2500 0.020 ★
  1289  0.3166 0.2273 0.0143  91.00% 0.2500 0.020 ★
  1300  0.3254 0.2515 0.0143  90.71% 0.2500 0.021
  1318  0.3115 0.2283 0.0140  91.15% 0.2500 0.022 ★
  1320  0.3116 0.2298 0.0142  91.24% 0.2500 0.022 ★
  1344  0.3094 0.2237 0.0147  91.24% 0.2500 0.024 ★
  1347  0.3049 0.2167 0.0148  91.32% 0.2500 0.024 ★
  1358  0.3032 0.2156 0.0144  91.33% 0.2500 0.025 ★
  1373  0.3049 0.2314 0.0145  91.41% 0.2500 0.026 ★
  1388  0.2991 0.2248 0.0145  91.46% 0.2500 0.027 ★
  1389  0.2992 0.2240 0.0146  91.56% 0.2500 0.027 ★
  1397  0.2964 0.2183 0.0146  91.59% 0.2500 0.028 ★
  1400  0.2978 0.2209 0.0147  91.56% 0.2500 0.028
  1410  0.2965 0.2270 0.0144  91.74% 0.2500 0.029 ★
  1415  0.2901 0.2147 0.0144  91.79% 0.2500 0.029 ★
  1419  0.2908 0.2229 0.0144  91.90% 0.2500 0.029 ★
  1426  0.2839 0.2233 0.0148  92.18% 0.2500 0.030 ★
  1463  0.2818 0.2017 0.0145  92.25% 0.2500 0.032 ★
  1469  0.2763 0.2023 0.0147  92.36% 0.2500 0.033 ★
  1499  0.2722 0.1958 0.0148  92.65% 0.2500 0.035 ★
  1500  0.2898 0.2106 0.0148  91.65% 0.2500 0.035
  1533  0.2676 0.1985 0.0148  92.77% 0.2500 0.037 ★
  1556  0.2622 0.1995 0.0146  92.79% 0.2500 0.039 ★
  1569  0.2639 0.1921 0.0144  92.84% 0.2500 0.040 ★
  1589  0.2634 0.1918 0.0145  92.85% 0.2500 0.041 ★
  1595  0.2604 0.1941 0.0144  92.86% 0.2500 0.042 ★
  1596  0.2616 0.1960 0.0144  92.87% 0.2500 0.042 ★
  1600  0.2604 0.1942 0.0143  92.96% 0.2500 0.042 ★
  1623  0.2577 0.1909 0.0147  93.01% 0.2500 0.044 ★
  1629  0.2550 0.1830 0.0145  93.12% 0.2500 0.044 ★
  1635  0.2433 0.1807 0.0144  93.55% 0.2500 0.044 ★
  1700  0.2617 0.1812 0.0142  92.83% 0.2500 0.049
  1724  0.2411 0.1818 0.0145  93.57% 0.2500 0.051 ★
  1741  0.2380 0.1772 0.0143  93.66% 0.2500 0.052 ★
  1744  0.2334 0.1728 0.0143  93.81% 0.2500 0.052 ★
  1763  0.2296 0.1764 0.0145  93.91% 0.2500 0.053 ★
  1784  0.2317 0.1748 0.0146  93.97% 0.2500 0.055 ★
  1800  0.2337 0.1690 0.0140  93.80% 0.2500 0.056
  1811  0.2262 0.1637 0.0143  94.02% 0.2500 0.057 ★
  1815  0.2216 0.1656 0.0145  94.27% 0.2500 0.057 ★
  1866  0.2193 0.1746 0.0142  94.28% 0.2500 0.061 ★
  1875  0.2194 0.1647 0.0141  94.30% 0.2500 0.061 ★
  1876  0.2192 0.1608 0.0139  94.37% 0.2500 0.061 ★
  1893  0.2187 0.1739 0.0144  94.42% 0.2500 0.062 ★
  1900  0.2246 0.1628 0.0140  94.02% 0.2500 0.063
  1919  0.2089 0.1552 0.0140  94.61% 0.2500 0.064 ★
  1925  0.2105 0.1557 0.0144  94.65% 0.2500 0.065 ★
  1969  0.2063 0.1514 0.0139  94.77% 0.2500 0.068 ★
  1979  0.2055 0.1588 0.0141  94.77% 0.2500 0.068 ★
  1998  0.2049 0.1460 0.0142  94.80% 0.2500 0.070 ★
  2000  0.2297 0.1786 0.0143  93.67% 0.2500 0.070
  2024  0.2002 0.1432 0.0145  94.85% 0.2500 0.072 ★
  2030  0.2027 0.1400 0.0142  94.92% 0.2500 0.072 ★
  2064  0.1952 0.1472 0.0142  95.01% 0.2500 0.074 ★
  2089  0.1982 0.1463 0.0141  95.02% 0.2500 0.076 ★
  2098  0.1938 0.1417 0.0143  95.11% 0.2500 0.077 ★
  2100  0.2189 0.1796 0.0143  94.06% 0.2500 0.077
  2108  0.1852 0.1331 0.0140  95.41% 0.2500 0.077 ★
  2125  0.1833 0.1366 0.0140  95.45% 0.2500 0.079 ★
  2180  0.1845 0.1376 0.0139  95.53% 0.2500 0.083 ★
  2187  0.1783 0.1358 0.0138  95.59% 0.2500 0.083 ★
  2200  0.1817 0.1393 0.0135  95.46% 0.2500 0.084
  2237  0.1749 0.1334 0.0137  95.68% 0.2500 0.087 ★
  2240  0.1743 0.1290 0.0137  95.76% 0.2500 0.087 ★
  2290  0.1698 0.1318 0.0137  95.88% 0.2500 0.090 ★
  2300  0.1844 0.1351 0.0139  95.32% 0.2500 0.091
  2351  0.1688 0.1232 0.0133  95.94% 0.2500 0.095 ★
  2357  0.1618 0.1242 0.0138  96.26% 0.2500 0.095 ★
  2400  0.1634 0.1205 0.0134  96.07% 0.2500 0.098
  2463  0.1606 0.1149 0.0133  96.26% 0.2500 0.102 ★
  2472  0.1568 0.1149 0.0133  96.32% 0.2500 0.103 ★
  2475  0.1584 0.1189 0.0133  96.33% 0.2500 0.103 ★
  2500  0.1563 0.1133 0.0135  96.33% 0.2500 0.105 ★
  2509  0.1543 0.1193 0.0132  96.35% 0.2500 0.106 ★
  2510  0.1544 0.1136 0.0132  96.43% 0.2500 0.106 ★
  2511  0.1522 0.1152 0.0132  96.47% 0.2500 0.106 ★
  2542  0.1494 0.1174 0.0133  96.54% 0.2500 0.108 ★
  2571  0.1496 0.1112 0.0130  96.55% 0.2500 0.110 ★
  2600  0.1599 0.1303 0.0134  96.11% 0.2500 0.112
  2602  0.1472 0.1203 0.0135  96.59% 0.2500 0.112 ★
  2628  0.1455 0.1131 0.0130  96.77% 0.2500 0.114 ★
  2640  0.1443 0.1193 0.0132  96.78% 0.2500 0.115 ★
  2668  0.1395 0.1018 0.0131  96.88% 0.2500 0.117 ★
  2697  0.1406 0.0974 0.0131  96.88% 0.2500 0.119 ★
  2700  0.1494 0.1263 0.0131  96.52% 0.2500 0.119
  2703  0.1363 0.1005 0.0128  96.98% 0.2500 0.119 ★
  2731  0.1359 0.0971 0.0129  97.02% 0.2500 0.121 ★
  2764  0.1304 0.0914 0.0127  97.07% 0.2500 0.123 ★
  2800  0.1487 0.1236 0.0128  96.42% 0.2500 0.126
  2803  0.1297 0.0950 0.0128  97.11% 0.2500 0.126 ★
  2806  0.1317 0.0979 0.0128  97.18% 0.2500 0.126 ★
  2845  0.1244 0.0853 0.0129  97.34% 0.2500 0.129 ★
  2875  0.1228 0.0918 0.0125  97.48% 0.2500 0.131 ★
  2900  0.1298 0.0800 0.0122  97.00% 0.2500 0.133
  2905  0.1179 0.0867 0.0125  97.56% 0.2500 0.133 ★
  2980  0.1145 0.0789 0.0123  97.57% 0.2500 0.139 ★
  3000  0.1321 0.0822 0.0123  96.94% 0.2500 0.140
  3065  0.1132 0.0839 0.0124  97.67% 0.2500 0.144 ★
  3100  0.1368 0.0948 0.0120  96.58% 0.2500 0.147
  3132  0.1099 0.0800 0.0120  97.73% 0.2500 0.149 ★
  3141  0.1117 0.0844 0.0117  97.74% 0.2500 0.150 ★
  3158  0.1081 0.0779 0.0117  97.78% 0.2500 0.151 ★
  3200  0.1380 0.0907 0.0114  96.67% 0.2500 0.154
  3203  0.1044 0.0712 0.0118  97.91% 0.2500 0.154 ★
  3226  0.1026 0.0738 0.0120  98.01% 0.2500 0.156 ★
  3236  0.1003 0.0723 0.0119  98.08% 0.2500 0.156 ★
  3300  0.1179 0.0959 0.0116  97.28% 0.2500 0.161
  3372  0.0972 0.0663 0.0114  98.14% 0.2500 0.166 ★
  3400  0.1012 0.0696 0.0112  97.91% 0.2500 0.168
  3500  0.0956 0.0689 0.0113  98.13% 0.2500 0.175
  3527  0.0920 0.0681 0.0112  98.26% 0.2500 0.177 ★
  3580  0.0888 0.0623 0.0110  98.32% 0.2500 0.181 ★
  3600  0.0990 0.0833 0.0108  97.97% 0.2500 0.182
  3647  0.0878 0.0662 0.0107  98.41% 0.2500 0.185 ★
  3659  0.0858 0.0581 0.0109  98.42% 0.2500 0.186 ★
  3661  0.0849 0.0621 0.0108  98.42% 0.2500 0.186 ★
  3700  0.0967 0.0638 0.0108  98.10% 0.2500 0.189
  3726  0.0850 0.0595 0.0109  98.47% 0.2500 0.191 ★
  3765  0.0834 0.0627 0.0107  98.48% 0.2500 0.193 ★
  3800  0.0987 0.0891 0.0107  97.93% 0.2500 0.196
  3828  0.0815 0.0530 0.0104  98.51% 0.2500 0.198 ★
  3848  0.0805 0.0550 0.0105  98.52% 0.2500 0.199 ★
  3856  0.0781 0.0589 0.0107  98.59% 0.2500 0.200 ★
  3895  0.0789 0.0594 0.0108  98.60% 0.2500 0.203 ★
  3899  0.0779 0.0573 0.0108  98.63% 0.2500 0.203 ★
  3900  0.0933 0.0700 0.0108  98.05% 0.2500 0.203
  3950  0.0757 0.0524 0.0104  98.64% 0.2500 0.206 ★
  3964  0.0736 0.0528 0.0103  98.77% 0.2500 0.207 ★
  4000  0.0731 0.0513 0.0102  98.76% 0.2500 0.210
  4100  0.0784 0.0576 0.0100  98.58% 0.2500 0.217
  4101  0.0712 0.0488 0.0101  98.81% 0.2500 0.217 ★
  4166  0.0716 0.0472 0.0101  98.83% 0.2500 0.222 ★
  4200  0.0732 0.0604 0.0098  98.65% 0.2500 0.224
  4214  0.0662 0.0510 0.0098  98.98% 0.2500 0.225 ★
  4300  0.0788 0.0630 0.0098  98.49% 0.2500 0.231
  4372  0.0624 0.0374 0.0098  99.06% 0.2500 0.236 ★
  4400  0.0738 0.0457 0.0098  98.59% 0.2500 0.238
  4500  0.0623 0.0397 0.0096  98.97% 0.2500 0.245
  4551  0.0580 0.0424 0.0094  99.11% 0.2500 0.248 ★
  4600  0.0552 0.0381 0.0093  99.17% 0.2500 0.252 ★
  4639  0.0572 0.0441 0.0095  99.17% 0.2500 0.255 ★
  4687  0.0560 0.0406 0.0101  99.19% 0.2500 0.258 ★
  4700  0.0647 0.0426 0.0094  98.83% 0.2500 0.259
  4723  0.0543 0.0362 0.0095  99.21% 0.2500 0.261 ★
  4778  0.0534 0.0359 0.0093  99.23% 0.2500 0.264 ★
  4800  0.0651 0.0470 0.0092  98.86% 0.2500 0.266
  4900  0.0597 0.0530 0.0093  98.95% 0.2500 0.273
  4944  0.0510 0.0383 0.0094  99.24% 0.2500 0.276 ★
  4955  0.0505 0.0316 0.0094  99.30% 0.2500 0.277 ★
  5000  0.0650 0.0366 0.0094  98.83% 0.2500 0.280
  5057  0.0472 0.0311 0.0093  99.34% 0.2500 0.284 ★
  5100  0.0632 0.0382 0.0095  98.83% 0.2500 0.287
  5200  0.0617 0.0333 0.0092  98.88% 0.2500 0.294
  5246  0.0472 0.0380 0.0095  99.37% 0.2500 0.297 ★
  5283  0.0473 0.0314 0.0094  99.38% 0.2500 0.300 ★
  5300  0.0593 0.0513 0.0097  98.99% 0.2500 0.301
  5361  0.0436 0.0290 0.0091  99.43% 0.2500 0.305 ★
  5400  0.0542 0.0343 0.0094  99.13% 0.2500 0.308
  5422  0.0430 0.0298 0.0090  99.44% 0.2500 0.309 ★
  5426  0.0426 0.0271 0.0091  99.46% 0.2500 0.310 ★
  5500  0.0457 0.0317 0.0093  99.40% 0.2500 0.315
  5600  0.0432 0.0257 0.0095  99.41% 0.2500 0.322
  5700  0.0426 0.0271 0.0092  99.38% 0.2500 0.329
  5707  0.0410 0.0260 0.0093  99.49% 0.2500 0.329 ★
  5800  0.0549 0.0301 0.0090  98.98% 0.2500 0.336
  5883  0.0409 0.0306 0.0093  99.51% 0.2500 0.342 ★
  5900  0.0412 0.0241 0.0093  99.41% 0.2500 0.343
  5916  0.0377 0.0250 0.0089  99.52% 0.2500 0.344 ★
  5954  0.0380 0.0238 0.0090  99.57% 0.2500 0.347 ★
  6000  0.0446 0.0233 0.0091  99.29% 0.2500 0.350
  6090  0.0358 0.0237 0.0092  99.59% 0.2500 0.350 ★
  6100  0.0390 0.0278 0.0089  99.48% 0.2500 0.350
  6200  0.0401 0.0231 0.0089  99.44% 0.2500 0.350
  6300  0.0385 0.0247 0.0093  99.51% 0.2500 0.350
  6306  0.0343 0.0203 0.0091  99.62% 0.2500 0.350 ★
  6338  0.0333 0.0212 0.0088  99.62% 0.2500 0.350 ★
  6400  0.0374 0.0275 0.0092  99.44% 0.2500 0.350
  6500  0.0373 0.0224 0.0091  99.50% 0.2500 0.350
  6579  0.0324 0.0195 0.0088  99.64% 0.2500 0.350 ★
  6589  0.0312 0.0185 0.0089  99.66% 0.2500 0.350 ★
  6600  0.0342 0.0247 0.0087  99.55% 0.2500 0.350
  6700  0.0481 0.0322 0.0089  99.10% 0.2500 0.350
  6800  0.0316 0.0202 0.0092  99.64% 0.2500 0.350
  6822  0.0294 0.0191 0.0088  99.67% 0.2500 0.350 ★
  6900  0.0381 0.0334 0.0087  99.40% 0.2500 0.350
  6912  0.0287 0.0184 0.0088  99.68% 0.2500 0.350 ★
  6925  0.0297 0.0185 0.0088  99.68% 0.2500 0.350 ★
  6940  0.0286 0.0183 0.0087  99.70% 0.2500 0.350 ★
  7000  0.0290 0.0168 0.0086  99.67% 0.2500 0.350
  7017  0.0276 0.0196 0.0087  99.73% 0.2500 0.350 ★
  7100  0.0366 0.0305 0.0082  99.48% 0.2500 0.350
  7200  0.0430 0.0339 0.0085  99.24% 0.2500 0.350
  7248  0.0246 0.0153 0.0086  99.76% 0.2500 0.350 ★
  7300  0.0377 0.0273 0.0087  99.44% 0.2500 0.350
  7400  0.0377 0.0163 0.0084  99.38% 0.2500 0.350
  7500  0.0434 0.0154 0.0087  99.25% 0.2500 0.350
  7571  0.0246 0.0144 0.0083  99.78% 0.2500 0.350 ★
  7600  0.0329 0.0231 0.0081  99.51% 0.2500 0.350
  7700  0.0334 0.0184 0.0084  99.44% 0.2500 0.350
  7709  0.0234 0.0150 0.0083  99.80% 0.2500 0.350 ★
  7800  0.0293 0.0159 0.0079  99.56% 0.2500 0.350
  7900  0.0281 0.0178 0.0084  99.66% 0.2500 0.350
  8000  0.0291 0.0143 0.0078  99.61% 0.2500 0.350
  8073  0.0221 0.0145 0.0077  99.81% 0.2500 0.350 ★
  8100  0.0265 0.0171 0.0085  99.69% 0.2500 0.350
  8200  0.0272 0.0149 0.0078  99.61% 0.2500 0.350
  8300  0.0355 0.0138 0.0079  99.37% 0.2500 0.350
  8400  0.0283 0.0258 0.0083  99.58% 0.2500 0.350
  8500  0.0254 0.0146 0.0079  99.66% 0.2500 0.350
  8600  0.0309 0.0138 0.0081  99.49% 0.2500 0.350
  8700  0.0232 0.0128 0.0080  99.74% 0.2500 0.350
  8800  0.0254 0.0189 0.0082  99.72% 0.2500 0.350
  8900  0.0243 0.0193 0.0080  99.67% 0.2500 0.350
  9000  0.0267 0.0260 0.0078  99.62% 0.2500 0.350
  9100  0.0227 0.0157 0.0075  99.70% 0.2500 0.350
  9200  0.0253 0.0155 0.0077  99.62% 0.2500 0.350
  9300  0.0220 0.0112 0.0076  99.71% 0.2500 0.350
  9316  0.0198 0.0121 0.0075  99.81% 0.2500 0.350 ★
  9400  0.0240 0.0115 0.0079  99.69% 0.2500 0.350
  9500  0.0289 0.0339 0.0077  99.50% 0.2500 0.350
  9600  0.0243 0.0196 0.0079  99.67% 0.2500 0.350
  9700  0.0276 0.0244 0.0074  99.55% 0.2500 0.350
  9800  0.0200 0.0111 0.0074  99.75% 0.2500 0.350
  9900  0.0227 0.0130 0.0074  99.66% 0.2500 0.350
 10000  0.0268 0.0127 0.0074  99.55% 0.2500 0.350
 10100  0.0237 0.0123 0.0076  99.67% 0.2500 0.350
 10197  0.0184 0.0091 0.0074  99.82% 0.2500 0.350 ★
 10200  0.0294 0.0153 0.0074  99.46% 0.2500 0.350
 10300  0.0212 0.0138 0.0078  99.73% 0.2500 0.350
 10400  0.0313 0.0127 0.0077  99.40% 0.2500 0.350
 10500  0.0210 0.0153 0.0073  99.71% 0.2500 0.350
 10600  0.0188 0.0085 0.0079  99.81% 0.2500 0.350
 10700  0.0216 0.0101 0.0074  99.71% 0.2500 0.350
 10800  0.0291 0.0286 0.0072  99.51% 0.2500 0.350
 10900  0.0220 0.0149 0.0070  99.71% 0.2500 0.350
 10913  0.0171 0.0104 0.0069  99.84% 0.2500 0.350 ★
 11000  0.0244 0.0098 0.0071  99.59% 0.2500 0.350
 11100  0.0300 0.0267 0.0073  99.45% 0.2500 0.350
 11200  0.0217 0.0113 0.0068  99.67% 0.2500 0.350
 11300  0.0223 0.0170 0.0070  99.66% 0.2500 0.350
 11400  0.0275 0.0116 0.0071  99.46% 0.2500 0.350
 11500  0.0271 0.0180 0.0071  99.50% 0.2500 0.350
 11600  0.0187 0.0090 0.0078  99.76% 0.2500 0.350
 11700  0.0215 0.0105 0.0067  99.66% 0.2500 0.350
 11708  0.0163 0.0079 0.0065  99.84% 0.2500 0.350 ★
 11800  0.0221 0.0128 0.0074  99.65% 0.2500 0.350
 11900  0.0188 0.0086 0.0069  99.77% 0.2500 0.350
 12000  0.0200 0.0114 0.0072  99.76% 0.2500 0.350
 12100  0.0204 0.0169 0.0068  99.69% 0.2500 0.350
 12102  0.0159 0.0084 0.0066  99.86% 0.2500 0.350 ★
 12200  0.0215 0.0115 0.0073  99.64% 0.2500 0.350
 12300  0.0171 0.0116 0.0069  99.78% 0.2500 0.350
 12400  0.0203 0.0086 0.0070  99.69% 0.2500 0.350
 12468  0.0152 0.0092 0.0068  99.86% 0.2500 0.350 ★
 12500  0.0198 0.0107 0.0071  99.69% 0.2500 0.350
 12600  0.0299 0.0341 0.0068  99.34% 0.2500 0.350
 12700  0.0171 0.0106 0.0067  99.79% 0.2500 0.350
 12800  0.0183 0.0084 0.0066  99.74% 0.2500 0.350
 12900  0.0189 0.0097 0.0071  99.73% 0.2500 0.350
 13000  0.0190 0.0125 0.0074  99.75% 0.2500 0.350
 13100  0.0179 0.0116 0.0067  99.74% 0.2500 0.350
 13200  0.0165 0.0083 0.0065  99.77% 0.2500 0.350
 13300  0.0167 0.0087 0.0065  99.76% 0.2500 0.350
 13400  0.0306 0.0086 0.0065  99.32% 0.2500 0.350
 13500  0.0176 0.0104 0.0071  99.76% 0.2500 0.350
 13600  0.0205 0.0114 0.0069  99.65% 0.2500 0.350
 13700  0.0190 0.0109 0.0067  99.71% 0.2500 0.350
 13800  0.0263 0.0082 0.0069  99.48% 0.2500 0.350
 13900  0.0174 0.0115 0.0066  99.76% 0.2500 0.350
 14000  0.0214 0.0264 0.0065  99.61% 0.2500 0.350
 14100  0.0233 0.0096 0.0069  99.60% 0.2500 0.350
 14200  0.0197 0.0080 0.0061  99.66% 0.2500 0.350
 14300  0.0199 0.0123 0.0065  99.67% 0.2500 0.350
 14400  0.0179 0.0176 0.0065  99.76% 0.2500 0.350
 14500  0.0223 0.0252 0.0061  99.60% 0.2500 0.350
 14600  0.0168 0.0132 0.0066  99.75% 0.2500 0.350
 14700  0.0243 0.0308 0.0062  99.52% 0.2500 0.350
 14800  0.0149 0.0072 0.0060  99.79% 0.2500 0.350
 14900  0.0169 0.0117 0.0068  99.74% 0.2500 0.350
 15000  0.0199 0.0140 0.0063  99.68% 0.2500 0.350
 15100  0.0209 0.0099 0.0060  99.66% 0.2500 0.350
 15200  0.0259 0.0109 0.0069  99.48% 0.2500 0.350
 15300  0.0155 0.0077 0.0065  99.78% 0.2500 0.350
 15333  0.0137 0.0071 0.0064  99.86% 0.2500 0.350 ★
 15400  0.0167 0.0127 0.0065  99.77% 0.2500 0.350
 15500  0.0211 0.0076 0.0063  99.57% 0.2500 0.350
 15600  0.0181 0.0107 0.0066  99.70% 0.2500 0.350
 15700  0.0196 0.0055 0.0063  99.64% 0.2500 0.350
 15800  0.0149 0.0063 0.0062  99.80% 0.2500 0.350
 15900  0.0216 0.0229 0.0062  99.62% 0.2500 0.350
 16000  0.0194 0.0071 0.0062  99.65% 0.2500 0.350
 16100  0.0172 0.0140 0.0062  99.74% 0.2500 0.350
 16200  0.0222 0.0109 0.0068  99.62% 0.2500 0.350
 16300  0.0185 0.0201 0.0062  99.68% 0.2500 0.350
 16400  0.0159 0.0073 0.0062  99.77% 0.2500 0.350
 16500  0.0155 0.0088 0.0063  99.78% 0.2500 0.350
 16600  0.0264 0.0225 0.0056  99.41% 0.2500 0.350
 16694  0.0131 0.0076 0.0061  99.87% 0.2500 0.350 ★
 16700  0.0140 0.0082 0.0059  99.82% 0.2500 0.350
 16800  0.0157 0.0090 0.0062  99.78% 0.2500 0.350
 16900  0.0188 0.0196 0.0056  99.65% 0.2500 0.350
 16921  0.0122 0.0064 0.0064  99.87% 0.2500 0.350 ★
 17000  0.0176 0.0077 0.0058  99.70% 0.2500 0.350
 17100  0.0163 0.0098 0.0059  99.72% 0.2500 0.350
 17200  0.0163 0.0139 0.0060  99.74% 0.2500 0.350
 17300  0.0144 0.0088 0.0061  99.79% 0.2500 0.350
 17400  0.0160 0.0100 0.0056  99.75% 0.2500 0.350
 17500  0.0242 0.0219 0.0061  99.50% 0.2500 0.350
 17600  0.0158 0.0095 0.0058  99.75% 0.2500 0.350
 17662  0.0120 0.0061 0.0060  99.88% 0.2500 0.350 ★
 17700  0.0184 0.0074 0.0064  99.70% 0.2500 0.350
 17800  0.0144 0.0077 0.0061  99.80% 0.2500 0.350
 17900  0.0189 0.0074 0.0061  99.67% 0.2500 0.350
 18000  0.0232 0.0074 0.0060  99.54% 0.2500 0.350
 18100  0.0316 0.0078 0.0058  99.25% 0.2500 0.350
 18200  0.0142 0.0087 0.0062  99.80% 0.2500 0.350
 18300  0.0186 0.0073 0.0060  99.65% 0.2500 0.350
 18400  0.0182 0.0085 0.0059  99.69% 0.2500 0.350
 18500  0.0182 0.0110 0.0059  99.66% 0.2500 0.350
 18600  0.0187 0.0068 0.0060  99.64% 0.2500 0.350
 18700  0.0149 0.0057 0.0061  99.78% 0.2500 0.350
 18800  0.0140 0.0096 0.0061  99.82% 0.2500 0.350
 18869  0.0118 0.0056 0.0056  99.89% 0.2500 0.350 ★
 18900  0.0144 0.0138 0.0060  99.77% 0.2500 0.350
 19000  0.0194 0.0097 0.0065  99.64% 0.2500 0.350
 19100  0.0216 0.0069 0.0056  99.59% 0.2500 0.350
 19200  0.0145 0.0092 0.0057  99.77% 0.2500 0.350
 19300  0.0152 0.0070 0.0063  99.77% 0.2500 0.350
 19400  0.0196 0.0076 0.0056  99.63% 0.2500 0.350
 19500  0.0139 0.0078 0.0061  99.82% 0.2500 0.350
 19600  0.0146 0.0091 0.0059  99.75% 0.2500 0.350
 19700  0.0202 0.0174 0.0055  99.61% 0.2500 0.350
 19800  0.0142 0.0082 0.0055  99.76% 0.2500 0.350
 19900  0.0150 0.0066 0.0057  99.74% 0.2500 0.350
 20000  0.0185 0.0098 0.0057  99.65% 0.2500 0.350
 20100  0.0136 0.0081 0.0057  99.80% 0.2500 0.350
 20200  0.0130 0.0058 0.0060  99.82% 0.2500 0.350
 20300  0.0183 0.0230 0.0056  99.63% 0.2500 0.350
 20400  0.0177 0.0154 0.0055  99.68% 0.2500 0.350
 20500  0.0229 0.0080 0.0057  99.51% 0.2500 0.350
 20600  0.0155 0.0054 0.0057  99.72% 0.2500 0.350
 20700  0.0199 0.0055 0.0058  99.63% 0.2500 0.350
 20800  0.0291 0.0229 0.0056  99.27% 0.2500 0.350
 20900  0.0139 0.0070 0.0068  99.83% 0.2500 0.350
 21000  0.0162 0.0067 0.0059  99.70% 0.2500 0.350
 21100  0.0255 0.0064 0.0063  99.47% 0.2500 0.350
 21200  0.0151 0.0083 0.0055  99.73% 0.2500 0.350
 21300  0.0241 0.0165 0.0061  99.49% 0.2500 0.350
 21400  0.0122 0.0054 0.0062  99.83% 0.2500 0.350
 21500  0.0176 0.0204 0.0054  99.67% 0.2500 0.350
 21600  0.0143 0.0087 0.0059  99.75% 0.2500 0.350
 21700  0.0163 0.0099 0.0058  99.71% 0.2500 0.350
 21800  0.0166 0.0146 0.0065  99.74% 0.2500 0.350
 21900  0.0171 0.0213 0.0058  99.66% 0.2500 0.350
 22000  0.0148 0.0092 0.0058  99.77% 0.2500 0.350
 22100  0.0119 0.0063 0.0059  99.83% 0.2500 0.350
 22200  0.0116 0.0051 0.0054  99.85% 0.2500 0.350
 22300  0.0153 0.0092 0.0056  99.73% 0.2500 0.350
 22400  0.0174 0.0075 0.0053  99.67% 0.2500 0.350
 22500  0.0149 0.0085 0.0057  99.74% 0.2500 0.350
 22600  0.0137 0.0056 0.0057  99.82% 0.2500 0.350
 22700  0.0250 0.0212 0.0058  99.51% 0.2500 0.350
 22800  0.0126 0.0062 0.0057  99.81% 0.2500 0.350
 22900  0.0115 0.0068 0.0063  99.87% 0.2500 0.350
 23000  0.0130 0.0089 0.0058  99.82% 0.2500 0.350
 23100  0.0149 0.0139 0.0056  99.75% 0.2500 0.350
 23200  0.0122 0.0058 0.0054  99.78% 0.2500 0.350
 23300  0.0107 0.0056 0.0056  99.87% 0.2500 0.350
 23317  0.0108 0.0058 0.0057  99.89% 0.2500 0.350 ★
 23383  0.0104 0.0047 0.0054  99.90% 0.2500 0.350 ★
 23400  0.0168 0.0085 0.0056  99.67% 0.2500 0.350
 23500  0.0196 0.0256 0.0053  99.60% 0.2500 0.350
 23600  0.0252 0.0419 0.0055  99.47% 0.2500 0.350
 23700  0.0156 0.0191 0.0054  99.72% 0.2500 0.350
 23800  0.0138 0.0057 0.0057  99.78% 0.2500 0.350
 23900  0.0198 0.0057 0.0050  99.59% 0.2500 0.350
 24000  0.0200 0.0190 0.0055  99.59% 0.2500 0.350
 24100  0.0130 0.0060 0.0053  99.80% 0.2500 0.350
 24200  0.0113 0.0067 0.0053  99.83% 0.2500 0.350
 24300  0.0117 0.0049 0.0057  99.83% 0.2500 0.350
 24400  0.0155 0.0077 0.0057  99.72% 0.2500 0.350
 24500  0.0235 0.0060 0.0058  99.49% 0.2500 0.350
 24600  0.0166 0.0107 0.0058  99.69% 0.2500 0.350
 24700  0.0126 0.0064 0.0053  99.80% 0.2500 0.350
 24800  0.0191 0.0146 0.0056  99.69% 0.2500 0.350
 24900  0.0140 0.0063 0.0053  99.76% 0.2500 0.350
 25000  0.0144 0.0054 0.0057  99.74% 0.2500 0.350
 25100  0.0138 0.0096 0.0057  99.75% 0.2500 0.350
 25200  0.0109 0.0047 0.0051  99.85% 0.2500 0.350
 25300  0.0135 0.0051 0.0056  99.81% 0.2500 0.350
 25400  0.0170 0.0152 0.0056  99.70% 0.2500 0.350
 25500  0.0125 0.0057 0.0055  99.81% 0.2500 0.350
 25543  0.0099 0.0045 0.0054  99.90% 0.2500 0.350 ★
 25600  0.0133 0.0122 0.0054  99.78% 0.2500 0.350
 25700  0.0120 0.0061 0.0057  99.83% 0.2500 0.350
 25800  0.0139 0.0129 0.0054  99.74% 0.2500 0.350
 25900  0.0139 0.0075 0.0057  99.74% 0.2500 0.350
 26000  0.0134 0.0076 0.0056  99.81% 0.2500 0.350
 26100  0.0127 0.0074 0.0055  99.80% 0.2500 0.350
 26200  0.0195 0.0067 0.0053  99.57% 0.2500 0.350
 26300  0.0124 0.0057 0.0050  99.80% 0.2500 0.350
 26400  0.0148 0.0064 0.0055  99.73% 0.2500 0.350
 26500  0.0122 0.0060 0.0051  99.78% 0.2500 0.350
 26510  0.0089 0.0031 0.0051  99.93% 0.2500 0.350 ★
 26600  0.0110 0.0058 0.0051  99.84% 0.2500 0.350
 26700  0.0108 0.0041 0.0055  99.84% 0.2500 0.350
 26800  0.0179 0.0064 0.0046  99.63% 0.2500 0.350
 26900  0.0206 0.0172 0.0054  99.55% 0.2500 0.350
 27000  0.0130 0.0085 0.0055  99.78% 0.2500 0.350
 27100  0.0163 0.0196 0.0049  99.69% 0.2500 0.350
 27200  0.0201 0.0293 0.0059  99.59% 0.2500 0.350
 27300  0.0155 0.0058 0.0055  99.70% 0.2500 0.350
 27400  0.0241 0.0066 0.0060  99.50% 0.2500 0.350
 27500  0.0194 0.0082 0.0050  99.58% 0.2500 0.350
 27600  0.0111 0.0063 0.0053  99.86% 0.2500 0.350
 27700  0.0161 0.0055 0.0055  99.69% 0.2500 0.350
 27800  0.0131 0.0045 0.0055  99.79% 0.2500 0.350
 27900  0.0192 0.0142 0.0049  99.60% 0.2500 0.350
 28000  0.0111 0.0040 0.0052  99.84% 0.2500 0.350
 28100  0.0185 0.0141 0.0050  99.60% 0.2500 0.350
 28200  0.0171 0.0224 0.0052  99.67% 0.2500 0.350
 28300  0.0142 0.0065 0.0057  99.77% 0.2500 0.350
 28400  0.0143 0.0073 0.0051  99.76% 0.2500 0.350
 28500  0.0191 0.0062 0.0052  99.58% 0.2500 0.350
 28600  0.0158 0.0050 0.0052  99.70% 0.2500 0.350
 28700  0.0163 0.0046 0.0053  99.69% 0.2500 0.350
 28800  0.0167 0.0062 0.0051  99.67% 0.2500 0.350
 28900  0.0161 0.0041 0.0049  99.72% 0.2500 0.350
 29000  0.0128 0.0065 0.0050  99.79% 0.2500 0.350
 29100  0.0143 0.0072 0.0050  99.73% 0.2500 0.350
 29200  0.0131 0.0072 0.0050  99.77% 0.2500 0.350
 29300  0.0147 0.0101 0.0049  99.73% 0.2500 0.350
 29400  0.0123 0.0104 0.0054  99.82% 0.2500 0.350
 29500  0.0106 0.0066 0.0054  99.87% 0.2500 0.350
 29600  0.0151 0.0063 0.0062  99.76% 0.2500 0.350
 29700  0.0168 0.0138 0.0050  99.66% 0.2500 0.350
 29800  0.0191 0.0243 0.0049  99.59% 0.2500 0.350
 29900  0.0169 0.0048 0.0055  99.71% 0.2500 0.350
 30000  0.0157 0.0036 0.0053  99.73% 0.2500 0.350
 30100  0.0119 0.0104 0.0050  99.81% 0.2500 0.350
 30200  0.0118 0.0102 0.0052  99.78% 0.2500 0.350
 30300  0.0198 0.0069 0.0048  99.56% 0.2500 0.350
 30400  0.0138 0.0133 0.0045  99.73% 0.2500 0.350
 30500  0.0119 0.0073 0.0053  99.81% 0.2500 0.350
 30600  0.0106 0.0058 0.0048  99.86% 0.2500 0.350
 30700  0.0181 0.0077 0.0058  99.62% 0.2500 0.350
 30800  0.0188 0.0050 0.0045  99.60% 0.2500 0.350
 30900  0.0101 0.0046 0.0049  99.86% 0.2500 0.350
 31000  0.0180 0.0078 0.0051  99.61% 0.2500 0.350
 31100  0.0113 0.0070 0.0047  99.83% 0.2500 0.350
 31200  0.0131 0.0055 0.0049  99.75% 0.2500 0.350
 31300  0.0112 0.0064 0.0048  99.80% 0.2500 0.350
 31400  0.0141 0.0045 0.0049  99.75% 0.2500 0.350
 31500  0.0189 0.0036 0.0059  99.64% 0.2500 0.350
 31600  0.0117 0.0066 0.0053  99.80% 0.2500 0.350
 31700  0.0123 0.0080 0.0053  99.80% 0.2500 0.350
 31800  0.0141 0.0048 0.0051  99.74% 0.2500 0.350
 31900  0.0122 0.0039 0.0049  99.79% 0.2500 0.350
 32000  0.0105 0.0089 0.0050  99.84% 0.2500 0.350
 32100  0.0098 0.0048 0.0047  99.86% 0.2500 0.350
 32200  0.0100 0.0061 0.0049  99.88% 0.2500 0.350
 32300  0.0117 0.0127 0.0053  99.84% 0.2500 0.350
 32400  0.0182 0.0059 0.0056  99.66% 0.2500 0.350
 32500  0.0136 0.0062 0.0047  99.75% 0.2500 0.350
 32600  0.0105 0.0061 0.0050  99.86% 0.2500 0.350
 32700  0.0106 0.0043 0.0049  99.84% 0.2500 0.350
 32800  0.0108 0.0047 0.0052  99.83% 0.2500 0.350
 32900  0.0119 0.0046 0.0054  99.81% 0.2500 0.350
 33000  0.0148 0.0070 0.0053  99.74% 0.2500 0.350
 33100  0.0111 0.0062 0.0048  99.82% 0.2500 0.350
 33200  0.0097 0.0046 0.0049  99.87% 0.2500 0.350
 33300  0.0116 0.0079 0.0051  99.81% 0.2500 0.350
 33400  0.0122 0.0069 0.0050  99.79% 0.2500 0.350
 33500  0.0134 0.0058 0.0048  99.75% 0.2500 0.350
 33600  0.0099 0.0069 0.0047  99.87% 0.2500 0.350
 33700  0.0128 0.0076 0.0049  99.77% 0.2500 0.350
 33800  0.0103 0.0052 0.0050  99.86% 0.2500 0.350
 33900  0.0119 0.0075 0.0047  99.80% 0.2500 0.350
 34000  0.0105 0.0060 0.0047  99.84% 0.2500 0.350
 34100  0.0134 0.0059 0.0053  99.78% 0.2500 0.350
 34200  0.0137 0.0115 0.0051  99.75% 0.2500 0.350
 34300  0.0112 0.0057 0.0052  99.82% 0.2500 0.350
 34400  0.0101 0.0050 0.0051  99.84% 0.2500 0.350
 34500  0.0110 0.0061 0.0051  99.82% 0.2500 0.350
 34600  0.0112 0.0036 0.0048  99.82% 0.2500 0.350
 34700  0.0125 0.0041 0.0047  99.78% 0.2500 0.350
 34800  0.0101 0.0059 0.0043  99.86% 0.2500 0.350
 34900  0.0102 0.0059 0.0049  99.86% 0.2500 0.350
 35000  0.0121 0.0037 0.0049  99.79% 0.2500 0.350
 35100  0.0102 0.0069 0.0052  99.87% 0.2500 0.350
 35200  0.0089 0.0045 0.0044  99.88% 0.2500 0.350
 35300  0.0111 0.0058 0.0051  99.86% 0.2500 0.350
 35400  0.0133 0.0078 0.0052  99.75% 0.2500 0.350
 35500  0.0105 0.0074 0.0051  99.84% 0.2500 0.350
 35600  0.0099 0.0052 0.0056  99.87% 0.2500 0.350
 35700  0.0085 0.0032 0.0044  99.89% 0.2500 0.350
 35800  0.0123 0.0067 0.0046  99.77% 0.2500 0.350
 35900  0.0145 0.0134 0.0048  99.72% 0.2500 0.350
 36000  0.0144 0.0061 0.0049  99.73% 0.2500 0.350
 36100  0.0087 0.0040 0.0052  99.92% 0.2500 0.350
 36200  0.0103 0.0052 0.0048  99.87% 0.2500 0.350
 36300  0.0121 0.0037 0.0049  99.80% 0.2500 0.350
 36400  0.0113 0.0086 0.0049  99.81% 0.2500 0.350
 36500  0.0112 0.0052 0.0051  99.83% 0.2500 0.350
 36600  0.0109 0.0096 0.0045  99.82% 0.2500 0.350
 36700  0.0150 0.0199 0.0051  99.71% 0.2500 0.350
 36800  0.0133 0.0117 0.0053  99.75% 0.2500 0.350
 36900  0.0111 0.0062 0.0052  99.85% 0.2500 0.350
 37000  0.0175 0.0252 0.0053  99.64% 0.2500 0.350
 37100  0.0097 0.0040 0.0047  99.87% 0.2500 0.350
 37200  0.0102 0.0062 0.0048  99.83% 0.2500 0.350
 37300  0.0085 0.0041 0.0051  99.90% 0.2500 0.350
 37400  0.0103 0.0045 0.0047  99.85% 0.2500 0.350
 37452  0.0075 0.0036 0.0046  99.94% 0.2500 0.350 ★
 37500  0.0133 0.0031 0.0045  99.74% 0.2500 0.350
 37600  0.0122 0.0037 0.0045  99.76% 0.2500 0.350
 37700  0.0098 0.0039 0.0054  99.86% 0.2500 0.350
 37800  0.0128 0.0100 0.0052  99.79% 0.2500 0.350
 37900  0.0110 0.0036 0.0049  99.81% 0.2500 0.350
 38000  0.0097 0.0039 0.0052  99.88% 0.2500 0.350
 38100  0.0100 0.0041 0.0048  99.86% 0.2500 0.350
 38200  0.0147 0.0210 0.0048  99.70% 0.2500 0.350
 38300  0.0103 0.0052 0.0051  99.84% 0.2500 0.350
 38400  0.0115 0.0044 0.0046  99.81% 0.2500 0.350
 38500  0.0110 0.0049 0.0049  99.81% 0.2500 0.350
 38600  0.0108 0.0048 0.0045  99.79% 0.2500 0.350
 38700  0.0106 0.0044 0.0051  99.84% 0.2500 0.350
 38800  0.0098 0.0050 0.0047  99.85% 0.2500 0.350
 38900  0.0115 0.0051 0.0044  99.83% 0.2500 0.350
 39000  0.0104 0.0083 0.0048  99.85% 0.2500 0.350
 39100  0.0121 0.0058 0.0045  99.77% 0.2500 0.350
 39200  0.0081 0.0026 0.0046  99.91% 0.2500 0.350
 39300  0.0148 0.0083 0.0054  99.73% 0.2500 0.350
 39400  0.0105 0.0077 0.0051  99.84% 0.2500 0.350
 39500  0.0148 0.0056 0.0049  99.72% 0.2500 0.350
 39600  0.0131 0.0038 0.0049  99.79% 0.2500 0.350
 39700  0.0127 0.0031 0.0046  99.77% 0.2500 0.350
 39800  0.0106 0.0033 0.0055  99.84% 0.2500 0.350
 39900  0.0105 0.0064 0.0046  99.86% 0.2500 0.350
 40000  0.0132 0.0100 0.0044  99.74% 0.2500 0.350
 40089  0.0069 0.0030 0.0043  99.95% 0.2500 0.350 ★
 40100  0.0126 0.0100 0.0044  99.75% 0.2500 0.350
 40200  0.0163 0.0186 0.0049  99.67% 0.2500 0.350
 40300  0.0141 0.0156 0.0051  99.73% 0.2500 0.350
 40400  0.0129 0.0091 0.0048  99.73% 0.2500 0.350
 40500  0.0156 0.0055 0.0048  99.71% 0.2500 0.350
 40600  0.0143 0.0031 0.0048  99.70% 0.2500 0.350
 40700  0.0172 0.0040 0.0042  99.59% 0.2500 0.350
 40800  0.0125 0.0052 0.0043  99.76% 0.2500 0.350
 40900  0.0142 0.0183 0.0044  99.71% 0.2500 0.350
 41000  0.0196 0.0066 0.0048  99.55% 0.2500 0.350
 41100  0.0118 0.0045 0.0048  99.78% 0.2500 0.350
 41200  0.0095 0.0029 0.0049  99.86% 0.2500 0.350
 41300  0.0140 0.0171 0.0043  99.73% 0.2500 0.350
 41400  0.0149 0.0126 0.0050  99.72% 0.2500 0.350
 41500  0.0095 0.0051 0.0046  99.87% 0.2500 0.350
 41600  0.0105 0.0049 0.0046  99.80% 0.2500 0.350
 41700  0.0168 0.0183 0.0043  99.63% 0.2500 0.350
 41800  0.0095 0.0036 0.0046  99.83% 0.2500 0.350
 41900  0.0097 0.0044 0.0049  99.84% 0.2500 0.350
 42000  0.0084 0.0033 0.0043  99.87% 0.2500 0.350
 42100  0.0080 0.0032 0.0045  99.91% 0.2500 0.350
 42200  0.0133 0.0101 0.0051  99.78% 0.2500 0.350
 42300  0.0113 0.0052 0.0044  99.78% 0.2500 0.350
 42400  0.0116 0.0060 0.0048  99.80% 0.2500 0.350
 42500  0.0094 0.0041 0.0044  99.85% 0.2500 0.350
 42600  0.0095 0.0042 0.0048  99.86% 0.2500 0.350
 42700  0.0130 0.0041 0.0043  99.73% 0.2500 0.350
 42800  0.0127 0.0088 0.0046  99.75% 0.2500 0.350
 42900  0.0110 0.0028 0.0046  99.82% 0.2500 0.350
 43000  0.0167 0.0042 0.0048  99.64% 0.2500 0.350
 43100  0.0096 0.0050 0.0047  99.87% 0.2500 0.350
 43200  0.0122 0.0039 0.0049  99.78% 0.2500 0.350
 43300  0.0101 0.0057 0.0042  99.84% 0.2500 0.350
 43400  0.0183 0.0049 0.0047  99.58% 0.2500 0.350
 43500  0.0093 0.0042 0.0052  99.87% 0.2500 0.350
 43600  0.0102 0.0081 0.0045  99.81% 0.2500 0.350
 43700  0.0103 0.0054 0.0042  99.84% 0.2500 0.350
 43800  0.0091 0.0033 0.0048  99.86% 0.2500 0.350
 43900  0.0106 0.0052 0.0044  99.81% 0.2500 0.350
 44000  0.0127 0.0110 0.0042  99.78% 0.2500 0.350
 44100  0.0082 0.0037 0.0040  99.88% 0.2500 0.350
 44200  0.0125 0.0104 0.0041  99.74% 0.2500 0.350
 44300  0.0085 0.0029 0.0041  99.88% 0.2500 0.350
 44400  0.0141 0.0039 0.0043  99.70% 0.2500 0.350
 44500  0.0103 0.0028 0.0041  99.84% 0.2500 0.350
 44600  0.0126 0.0153 0.0039  99.71% 0.2500 0.350
 44700  0.0140 0.0039 0.0046  99.70% 0.2500 0.350
 44800  0.0091 0.0037 0.0040  99.87% 0.2500 0.350
 44900  0.0186 0.0041 0.0047  99.58% 0.2500 0.350
 45000  0.0123 0.0034 0.0048  99.78% 0.2500 0.350
 45100  0.0146 0.0051 0.0042  99.70% 0.2500 0.350
 45200  0.0149 0.0225 0.0050  99.71% 0.2500 0.350
 45300  0.0163 0.0093 0.0043  99.66% 0.2500 0.350
 45400  0.0129 0.0029 0.0043  99.74% 0.2500 0.350
 45500  0.0105 0.0109 0.0043  99.82% 0.2500 0.350
 45600  0.0104 0.0046 0.0049  99.80% 0.2500 0.350
 45700  0.0079 0.0040 0.0045  99.90% 0.2500 0.350
 45751  0.0062 0.0022 0.0044  99.96% 0.2500 0.350 ★
 45800  0.0087 0.0032 0.0042  99.87% 0.2500 0.350
 45900  0.0090 0.0044 0.0049  99.87% 0.2500 0.350
 46000  0.0094 0.0053 0.0046  99.86% 0.2500 0.350
 46100  0.0154 0.0031 0.0045  99.69% 0.2500 0.350
 46200  0.0087 0.0037 0.0040  99.87% 0.2500 0.350
 46300  0.0118 0.0031 0.0048  99.80% 0.2500 0.350
 46400  0.0126 0.0132 0.0041  99.74% 0.2500 0.350
 46500  0.0101 0.0043 0.0052  99.86% 0.2500 0.350
 46600  0.0114 0.0028 0.0043  99.77% 0.2500 0.350
 46700  0.0095 0.0044 0.0042  99.84% 0.2500 0.350
 46800  0.0112 0.0059 0.0047  99.81% 0.2500 0.350
 46900  0.0087 0.0044 0.0041  99.85% 0.2500 0.350
 47000  0.0075 0.0031 0.0044  99.93% 0.2500 0.350
 47100  0.0092 0.0028 0.0043  99.86% 0.2500 0.350
 47200  0.0090 0.0065 0.0039  99.85% 0.2500 0.350
 47300  0.0107 0.0089 0.0050  99.86% 0.2500 0.350
 47400  0.0126 0.0083 0.0047  99.76% 0.2500 0.350
 47500  0.0117 0.0037 0.0048  99.79% 0.2500 0.350
 47600  0.0098 0.0055 0.0038  99.82% 0.2500 0.350
 47700  0.0080 0.0046 0.0043  99.87% 0.2500 0.350
 47800  0.0092 0.0047 0.0045  99.88% 0.2500 0.350
 47900  0.0129 0.0041 0.0045  99.76% 0.2500 0.350
 48000  0.0134 0.0118 0.0041  99.72% 0.2500 0.350
 48100  0.0099 0.0061 0.0049  99.86% 0.2500 0.350
 48200  0.0129 0.0160 0.0048  99.76% 0.2500 0.350
 48300  0.0090 0.0046 0.0044  99.85% 0.2500 0.350
 48400  0.0077 0.0049 0.0043  99.89% 0.2500 0.350
 48500  0.0151 0.0028 0.0037  99.69% 0.2500 0.350
 48600  0.0268 0.0101 0.0047  99.31% 0.2500 0.350
 48700  0.0109 0.0045 0.0047  99.78% 0.2500 0.350
 48800  0.0094 0.0020 0.0045  99.86% 0.2500 0.350
 48900  0.0081 0.0056 0.0043  99.88% 0.2500 0.350
 49000  0.0121 0.0037 0.0046  99.79% 0.2500 0.350
 49100  0.0076 0.0025 0.0045  99.88% 0.2500 0.350
 49200  0.0096 0.0033 0.0039  99.85% 0.2500 0.350
 49300  0.0089 0.0034 0.0042  99.85% 0.2500 0.350
 49400  0.0135 0.0160 0.0039  99.72% 0.2500 0.350
 49500  0.0106 0.0050 0.0041  99.81% 0.2500 0.350
 49600  0.0103 0.0059 0.0040  99.82% 0.2500 0.350
 49700  0.0102 0.0032 0.0047  99.84% 0.2500 0.350
 49800  0.0150 0.0078 0.0039  99.64% 0.2500 0.350
 49900  0.0075 0.0032 0.0039  99.90% 0.2500 0.350
 50000  0.0079 0.0029 0.0042  99.90% 0.2500 0.350
 50100  0.0117 0.0064 0.0048  99.80% 0.2500 0.350
 50200  0.0092 0.0045 0.0041  99.84% 0.2500 0.350
 50300  0.0077 0.0040 0.0037  99.89% 0.2500 0.350
 50400  0.0095 0.0107 0.0040  99.81% 0.2500 0.350
 50500  0.0087 0.0032 0.0041  99.87% 0.2500 0.350
 50600  0.0091 0.0041 0.0047  99.86% 0.2500 0.350
 50700  0.0090 0.0066 0.0042  99.85% 0.2500 0.350
 50800  0.0090 0.0061 0.0048  99.85% 0.2500 0.350
 50900  0.0091 0.0044 0.0042  99.86% 0.2500 0.350
 51000  0.0094 0.0029 0.0043  99.87% 0.2500 0.350
 51100  0.0127 0.0049 0.0043  99.75% 0.2500 0.350
 51200  0.0088 0.0053 0.0039  99.85% 0.2500 0.350
 51300  0.0077 0.0031 0.0038  99.89% 0.2500 0.350
 51400  0.0123 0.0031 0.0041  99.77% 0.2500 0.350
 51500  0.0091 0.0055 0.0041  99.84% 0.2500 0.350
 51600  0.0099 0.0059 0.0039  99.82% 0.2500 0.350
 51700  0.0073 0.0033 0.0036  99.90% 0.2500 0.350
 51800  0.0077 0.0046 0.0041  99.89% 0.2500 0.350
 51900  0.0073 0.0031 0.0045  99.91% 0.2500 0.350
 52000  0.0153 0.0064 0.0041  99.69% 0.2500 0.350
 52100  0.0065 0.0022 0.0041  99.93% 0.2500 0.350
 52200  0.0107 0.0034 0.0039  99.82% 0.2500 0.350
 52300  0.0102 0.0030 0.0044  99.81% 0.2500 0.350
 52400  0.0173 0.0030 0.0043  99.62% 0.2500 0.350
 52500  0.0125 0.0094 0.0043  99.73% 0.2500 0.350
 52600  0.0075 0.0057 0.0042  99.90% 0.2500 0.350
 52700  0.0080 0.0039 0.0037  99.88% 0.2500 0.350
 52800  0.0079 0.0024 0.0040  99.90% 0.2500 0.350
 52900  0.0147 0.0032 0.0039  99.69% 0.2500 0.350
 53000  0.0095 0.0082 0.0041  99.86% 0.2500 0.350
 53100  0.0094 0.0032 0.0043  99.83% 0.2500 0.350
 53200  0.0087 0.0035 0.0043  99.84% 0.2500 0.350
 53300  0.0147 0.0162 0.0040  99.67% 0.2500 0.350
 53400  0.0075 0.0035 0.0039  99.91% 0.2500 0.350
 53500  0.0074 0.0044 0.0040  99.89% 0.2500 0.350
 53600  0.0076 0.0024 0.0039  99.86% 0.2500 0.350
 53700  0.0108 0.0038 0.0039  99.82% 0.2500 0.350
 53800  0.0119 0.0027 0.0041  99.77% 0.2500 0.350
 53900  0.0083 0.0032 0.0039  99.85% 0.2500 0.350
 54000  0.0080 0.0052 0.0040  99.88% 0.2500 0.350
 54100  0.0093 0.0025 0.0040  99.85% 0.2500 0.350
 54200  0.0205 0.0258 0.0041  99.51% 0.2500 0.350
 54300  0.0099 0.0022 0.0046  99.84% 0.2500 0.350
 54400  0.0079 0.0041 0.0042  99.88% 0.2500 0.350
 54500  0.0091 0.0042 0.0039  99.86% 0.2500 0.350
 54600  0.0105 0.0103 0.0041  99.82% 0.2500 0.350
 54700  0.0186 0.0042 0.0038  99.57% 0.2500 0.350
 54800  0.0092 0.0029 0.0042  99.85% 0.2500 0.350
 54900  0.0077 0.0045 0.0042  99.89% 0.2500 0.350
 55000  0.0090 0.0024 0.0039  99.84% 0.2500 0.350
 55100  0.0091 0.0031 0.0046  99.85% 0.2500 0.350
 55200  0.0074 0.0049 0.0045  99.92% 0.2500 0.350
 55300  0.0095 0.0059 0.0040  99.85% 0.2500 0.350
 55400  0.0083 0.0069 0.0039  99.86% 0.2500 0.350
 55500  0.0099 0.0045 0.0044  99.82% 0.2500 0.350
 55600  0.0105 0.0028 0.0041  99.80% 0.2500 0.350
 55700  0.0122 0.0037 0.0044  99.76% 0.2500 0.350
 55800  0.0098 0.0089 0.0045  99.82% 0.2500 0.350
 55900  0.0094 0.0053 0.0043  99.85% 0.2500 0.350
 56000  0.0084 0.0044 0.0041  99.85% 0.2500 0.350
 56100  0.0104 0.0030 0.0042  99.80% 0.2500 0.350
 56200  0.0093 0.0064 0.0040  99.85% 0.2500 0.350
 56300  0.0078 0.0019 0.0039  99.89% 0.2500 0.350
 56400  0.0088 0.0038 0.0043  99.88% 0.2500 0.350
 56500  0.0115 0.0028 0.0045  99.78% 0.2500 0.350
 56600  0.0092 0.0077 0.0041  99.85% 0.2500 0.350
 56700  0.0083 0.0035 0.0039  99.87% 0.2500 0.350
 56800  0.0097 0.0077 0.0041  99.80% 0.2500 0.350
 56900  0.0117 0.0040 0.0037  99.76% 0.2500 0.350
 57000  0.0083 0.0038 0.0035  99.87% 0.2500 0.350
 57100  0.0078 0.0022 0.0043  99.88% 0.2500 0.350
 57200  0.0125 0.0040 0.0045  99.77% 0.2500 0.350
 57300  0.0085 0.0030 0.0037  99.84% 0.2500 0.350
 57400  0.0091 0.0040 0.0044  99.86% 0.2500 0.350
 57500  0.0099 0.0067 0.0043  99.84% 0.2500 0.350
 57600  0.0101 0.0058 0.0038  99.81% 0.2500 0.350
 57700  0.0080 0.0031 0.0041  99.89% 0.2500 0.350
 57800  0.0075 0.0035 0.0042  99.89% 0.2500 0.350
 57900  0.0090 0.0031 0.0041  99.86% 0.2500 0.350
 58000  0.0124 0.0141 0.0043  99.77% 0.2500 0.350
 58100  0.0078 0.0038 0.0040  99.89% 0.2500 0.350
 58200  0.0073 0.0022 0.0041  99.90% 0.2500 0.350
 58300  0.0099 0.0018 0.0038  99.82% 0.2500 0.350
 58400  0.0091 0.0022 0.0045  99.86% 0.2500 0.350
 58500  0.0074 0.0042 0.0038  99.89% 0.2500 0.350
 58600  0.0074 0.0024 0.0041  99.90% 0.2500 0.350
 58700  0.0122 0.0042 0.0045  99.77% 0.2500 0.350
 58800  0.0140 0.0051 0.0043  99.71% 0.2500 0.350
 58900  0.0063 0.0030 0.0037  99.92% 0.2500 0.350
 59000  0.0093 0.0049 0.0037  99.83% 0.2500 0.350
 59100  0.0073 0.0043 0.0043  99.91% 0.2500 0.350
 59200  0.0083 0.0024 0.0040  99.85% 0.2500 0.350
 59300  0.0092 0.0041 0.0039  99.87% 0.2500 0.350
 59400  0.0071 0.0055 0.0037  99.90% 0.2500 0.350
 59500  0.0076 0.0046 0.0039  99.90% 0.2500 0.350
 59600  0.0080 0.0041 0.0038  99.85% 0.2500 0.350
 59700  0.0092 0.0072 0.0040  99.81% 0.2500 0.350
 59800  0.0075 0.0032 0.0039  99.88% 0.2500 0.350
 59900  0.0080 0.0041 0.0040  99.86% 0.2500 0.350
 60000  0.0066 0.0025 0.0037  99.91% 0.2500 0.350
 60100  0.0077 0.0026 0.0039  99.90% 0.2500 0.350
 60200  0.0087 0.0050 0.0040  99.85% 0.2500 0.350
 60300  0.0160 0.0118 0.0042  99.64% 0.2500 0.350
 60400  0.0059 0.0031 0.0036  99.93% 0.2500 0.350
 60500  0.0076 0.0030 0.0040  99.90% 0.2500 0.350
 60600  0.0084 0.0074 0.0034  99.83% 0.2500 0.350
 60700  0.0130 0.0042 0.0041  99.73% 0.2500 0.350
 60800  0.0128 0.0038 0.0038  99.76% 0.2500 0.350
 60900  0.0095 0.0050 0.0042  99.84% 0.2500 0.350
 61000  0.0067 0.0029 0.0041  99.91% 0.2500 0.350
 61100  0.0099 0.0053 0.0036  99.82% 0.2500 0.350
 61200  0.0098 0.0082 0.0037  99.82% 0.2500 0.350
 61300  0.0067 0.0026 0.0036  99.89% 0.2500 0.350
 61400  0.0075 0.0026 0.0036  99.86% 0.2500 0.350
 61500  0.0057 0.0019 0.0034  99.93% 0.2500 0.350
 61600  0.0109 0.0099 0.0036  99.78% 0.2500 0.350
 61700  0.0075 0.0071 0.0034  99.88% 0.2500 0.350
 61800  0.0141 0.0078 0.0040  99.71% 0.2500 0.350
 61900  0.0120 0.0053 0.0036  99.73% 0.2500 0.350
 62000  0.0068 0.0032 0.0040  99.93% 0.2500 0.350
 62100  0.0086 0.0027 0.0035  99.84% 0.2500 0.350
 62200  0.0067 0.0024 0.0035  99.91% 0.2500 0.350
 62300  0.0093 0.0040 0.0034  99.84% 0.2500 0.350
 62400  0.0066 0.0020 0.0032  99.90% 0.2500 0.350
 62493  0.0053 0.0021 0.0035  99.96% 0.2500 0.350 ★
 62500  0.0057 0.0014 0.0034  99.93% 0.2500 0.350
 62600  0.0131 0.0025 0.0040  99.72% 0.2500 0.350
 62700  0.0066 0.0020 0.0040  99.91% 0.2500 0.350
 62755  0.0054 0.0021 0.0036  99.96% 0.2500 0.350 ★
 62800  0.0120 0.0028 0.0035  99.76% 0.2500 0.350
 62900  0.0125 0.0026 0.0038  99.75% 0.2500 0.350
 63000  0.0104 0.0038 0.0037  99.79% 0.2500 0.350
 63100  0.0075 0.0064 0.0040  99.89% 0.2500 0.350
 63200  0.0081 0.0068 0.0038  99.87% 0.2500 0.350
 63300  0.0070 0.0031 0.0036  99.91% 0.2500 0.350
 63400  0.0068 0.0025 0.0040  99.91% 0.2500 0.350
 63500  0.0071 0.0024 0.0033  99.88% 0.2500 0.350
 63600  0.0065 0.0031 0.0034  99.92% 0.2500 0.350
 63700  0.0070 0.0026 0.0036  99.89% 0.2500 0.350
 63800  0.0068 0.0028 0.0037  99.88% 0.2500 0.350
 63900  0.0092 0.0039 0.0038  99.84% 0.2500 0.350
 64000  0.0070 0.0026 0.0037  99.91% 0.2500 0.350
 64100  0.0077 0.0024 0.0041  99.88% 0.2500 0.350
 64200  0.0092 0.0025 0.0034  99.81% 0.2500 0.350
 64300  0.0071 0.0031 0.0033  99.89% 0.2500 0.350
 64400  0.0090 0.0019 0.0034  99.82% 0.2500 0.350
 64500  0.0134 0.0146 0.0034  99.69% 0.2500 0.350
 64600  0.0078 0.0030 0.0038  99.87% 0.2500 0.350
 64700  0.0083 0.0031 0.0034  99.85% 0.2500 0.350
 64800  0.0111 0.0053 0.0040  99.77% 0.2500 0.350
 64900  0.0078 0.0046 0.0040  99.87% 0.2500 0.350
 65000  0.0079 0.0057 0.0039  99.90% 0.2500 0.350
 65100  0.0138 0.0024 0.0033  99.68% 0.2500 0.350
 65200  0.0068 0.0022 0.0041  99.92% 0.2500 0.350
 65300  0.0058 0.0014 0.0036  99.95% 0.2500 0.350
 65400  0.0075 0.0044 0.0034  99.87% 0.2500 0.350
 65500  0.0080 0.0023 0.0030  99.87% 0.2500 0.350
 65600  0.0073 0.0025 0.0041  99.88% 0.2500 0.350
 65700  0.0087 0.0072 0.0035  99.85% 0.2500 0.350
 65800  0.0073 0.0032 0.0039  99.88% 0.2500 0.350
 65900  0.0062 0.0037 0.0036  99.92% 0.2500 0.350
 66000  0.0063 0.0025 0.0039  99.92% 0.2500 0.350
 66100  0.0085 0.0053 0.0038  99.86% 0.2500 0.350
 66200  0.0061 0.0015 0.0035  99.93% 0.2500 0.350
 66300  0.0099 0.0045 0.0035  99.79% 0.2500 0.350
 66400  0.0107 0.0053 0.0032  99.76% 0.2500 0.350
 66500  0.0068 0.0027 0.0033  99.90% 0.2500 0.350
 66600  0.0114 0.0030 0.0042  99.78% 0.2500 0.350
 66700  0.0087 0.0022 0.0034  99.84% 0.2500 0.350
 66800  0.0067 0.0032 0.0034  99.91% 0.2500 0.350
 66900  0.0089 0.0024 0.0035  99.84% 0.2500 0.350
 67000  0.0091 0.0055 0.0040  99.83% 0.2500 0.350
 67100  0.0209 0.0044 0.0038  99.49% 0.2500 0.350
 67200  0.0093 0.0028 0.0034  99.80% 0.2500 0.350
 67300  0.0074 0.0056 0.0036  99.89% 0.2500 0.350
 67400  0.0092 0.0092 0.0035  99.82% 0.2500 0.350
 67500  0.0095 0.0084 0.0034  99.84% 0.2500 0.350
 67600  0.0087 0.0028 0.0039  99.87% 0.2500 0.350
 67700  0.0068 0.0023 0.0030  99.89% 0.2500 0.350
 67800  0.0122 0.0074 0.0037  99.76% 0.2500 0.350
 67900  0.0073 0.0044 0.0035  99.89% 0.2500 0.350
 68000  0.0072 0.0043 0.0032  99.87% 0.2500 0.350
 68100  0.0103 0.0038 0.0032  99.77% 0.2500 0.350
 68200  0.0061 0.0037 0.0033  99.93% 0.2500 0.350
 68300  0.0166 0.0021 0.0036  99.61% 0.2500 0.350
 68400  0.0126 0.0042 0.0040  99.76% 0.2500 0.350
 68500  0.0090 0.0048 0.0036  99.87% 0.2500 0.350
 68600  0.0073 0.0054 0.0033  99.87% 0.2500 0.350
 68700  0.0066 0.0024 0.0036  99.90% 0.2500 0.350
 68800  0.0095 0.0093 0.0031  99.80% 0.2500 0.350
 68900  0.0071 0.0056 0.0035  99.88% 0.2500 0.350
 69000  0.0059 0.0020 0.0032  99.92% 0.2500 0.350
 69100  0.0061 0.0034 0.0037  99.92% 0.2500 0.350
 69200  0.0062 0.0026 0.0033  99.89% 0.2500 0.350
 69300  0.0057 0.0025 0.0037  99.94% 0.2500 0.350
 69392  0.0049 0.0015 0.0037  99.97% 0.2500 0.350 ★
 69400  0.0117 0.0017 0.0038  99.76% 0.2500 0.350
 69500  0.0066 0.0040 0.0036  99.91% 0.2500 0.350
 69600  0.0141 0.0020 0.0036  99.73% 0.2500 0.350
 69700  0.0069 0.0044 0.0041  99.90% 0.2500 0.350
 69800  0.0059 0.0037 0.0032  99.92% 0.2500 0.350
 69900  0.0116 0.0037 0.0033  99.78% 0.2500 0.350
 70000  0.0087 0.0030 0.0034  99.84% 0.2500 0.350
 70100  0.0065 0.0044 0.0038  99.92% 0.2500 0.350
 70200  0.0056 0.0019 0.0031  99.94% 0.2500 0.350
 70300  0.0061 0.0028 0.0035  99.91% 0.2500 0.350
 70400  0.0109 0.0025 0.0031  99.75% 0.2500 0.350
 70500  0.0070 0.0038 0.0039  99.91% 0.2500 0.350
 70600  0.0067 0.0025 0.0036  99.91% 0.2500 0.350
 70700  0.0053 0.0030 0.0034  99.95% 0.2500 0.350
 70800  0.0096 0.0023 0.0032  99.82% 0.2500 0.350
 70900  0.0116 0.0018 0.0034  99.75% 0.2500 0.350
 71000  0.0084 0.0030 0.0033  99.86% 0.2500 0.350
 71100  0.0104 0.0034 0.0034  99.77% 0.2500 0.350
 71200  0.0063 0.0033 0.0034  99.91% 0.2500 0.350
 71300  0.0081 0.0049 0.0038  99.87% 0.2500 0.350
 71400  0.0066 0.0047 0.0035  99.90% 0.2500 0.350
 71500  0.0066 0.0062 0.0032  99.90% 0.2500 0.350
 71600  0.0058 0.0021 0.0033  99.92% 0.2500 0.350
 71612  0.0044 0.0018 0.0031  99.98% 0.2500 0.350 ★
 71700  0.0060 0.0036 0.0032  99.92% 0.2500 0.350
 71800  0.0062 0.0049 0.0034  99.90% 0.2500 0.350
 71900  0.0106 0.0124 0.0034  99.80% 0.2500 0.350
 72000  0.0064 0.0035 0.0036  99.91% 0.2500 0.350
 72100  0.0061 0.0036 0.0032  99.91% 0.2500 0.350
 72200  0.0064 0.0026 0.0038  99.94% 0.2500 0.350
 72300  0.0082 0.0016 0.0034  99.87% 0.2500 0.350
 72400  0.0093 0.0034 0.0039  99.83% 0.2500 0.350
 72500  0.0054 0.0017 0.0036  99.94% 0.2500 0.350
 72600  0.0097 0.0044 0.0030  99.79% 0.2500 0.350
 72700  0.0081 0.0026 0.0032  99.85% 0.2500 0.350
 72800  0.0070 0.0041 0.0037  99.90% 0.2500 0.350
 72900  0.0083 0.0025 0.0034  99.83% 0.2500 0.350
 73000  0.0074 0.0022 0.0034  99.86% 0.2500 0.350
 73100  0.0123 0.0031 0.0033  99.77% 0.2500 0.350
 73200  0.0089 0.0084 0.0033  99.85% 0.2500 0.350
 73300  0.0075 0.0034 0.0035  99.88% 0.2500 0.350
 73400  0.0086 0.0075 0.0034  99.84% 0.2500 0.350
 73500  0.0061 0.0032 0.0035  99.92% 0.2500 0.350
 73600  0.0093 0.0018 0.0034  99.81% 0.2500 0.350
 73700  0.0067 0.0077 0.0031  99.89% 0.2500 0.350
 73800  0.0098 0.0027 0.0039  99.80% 0.2500 0.350
 73900  0.0064 0.0033 0.0033  99.91% 0.2500 0.350
 74000  0.0085 0.0111 0.0035  99.87% 0.2500 0.350
 74100  0.0087 0.0025 0.0036  99.84% 0.2500 0.350
 74200  0.0087 0.0056 0.0033  99.83% 0.2500 0.350
 74300  0.0079 0.0069 0.0035  99.87% 0.2500 0.350
 74400  0.0054 0.0024 0.0033  99.93% 0.2500 0.350
 74500  0.0100 0.0030 0.0031  99.81% 0.2500 0.350
 74600  0.0077 0.0035 0.0030  99.86% 0.2500 0.350
 74700  0.0062 0.0046 0.0032  99.90% 0.2500 0.350
 74800  0.0057 0.0031 0.0033  99.93% 0.2500 0.350
 74900  0.0083 0.0019 0.0033  99.86% 0.2500 0.350
 75000  0.0084 0.0019 0.0036  99.84% 0.2500 0.350
 75100  0.0064 0.0018 0.0035  99.92% 0.2500 0.350
 75200  0.0066 0.0026 0.0037  99.90% 0.2500 0.350
 75300  0.0057 0.0028 0.0033  99.93% 0.2500 0.350
 75400  0.0070 0.0040 0.0028  99.88% 0.2500 0.350
 75500  0.0059 0.0026 0.0032  99.91% 0.2500 0.350
 75600  0.0058 0.0019 0.0034  99.94% 0.2500 0.350
 75700  0.0063 0.0029 0.0030  99.89% 0.2500 0.350
 75800  0.0081 0.0022 0.0033  99.86% 0.2500 0.350
 75900  0.0120 0.0026 0.0034  99.75% 0.2500 0.350
 76000  0.0153 0.0070 0.0032  99.64% 0.2500 0.350
 76100  0.0107 0.0169 0.0032  99.75% 0.2500 0.350
 76200  0.0067 0.0040 0.0028  99.88% 0.2500 0.350
 76300  0.0163 0.0045 0.0031  99.64% 0.2500 0.350
 76400  0.0121 0.0156 0.0030  99.73% 0.2500 0.350
 76500  0.0118 0.0029 0.0032  99.75% 0.2500 0.350
 76600  0.0057 0.0040 0.0032  99.93% 0.2500 0.350
 76700  0.0075 0.0021 0.0034  99.88% 0.2500 0.350
 76800  0.0099 0.0036 0.0032  99.81% 0.2500 0.350
 76900  0.0117 0.0040 0.0029  99.75% 0.2500 0.350
 77000  0.0090 0.0024 0.0033  99.81% 0.2500 0.350
 77100  0.0052 0.0031 0.0031  99.92% 0.2500 0.350
 77200  0.0096 0.0070 0.0031  99.82% 0.2500 0.350
 77300  0.0053 0.0024 0.0031  99.94% 0.2500 0.350
 77400  0.0086 0.0107 0.0034  99.85% 0.2500 0.350
 77500  0.0074 0.0040 0.0030  99.87% 0.2500 0.350
 77600  0.0089 0.0035 0.0032  99.83% 0.2500 0.350
 77700  0.0055 0.0022 0.0031  99.92% 0.2500 0.350
 77800  0.0054 0.0036 0.0033  99.93% 0.2500 0.350
 77832  0.0042 0.0013 0.0031  99.98% 0.2500 0.350 ★
 77900  0.0069 0.0054 0.0030  99.87% 0.2500 0.350
 78000  0.0062 0.0022 0.0039  99.95% 0.2500 0.350
 78100  0.0063 0.0030 0.0033  99.90% 0.2500 0.350
 78200  0.0052 0.0016 0.0031  99.93% 0.2500 0.350
 78300  0.0111 0.0043 0.0037  99.79% 0.2500 0.350
 78400  0.0078 0.0023 0.0034  99.89% 0.2500 0.350
 78500  0.0084 0.0036 0.0033  99.85% 0.2500 0.350
 78600  0.0060 0.0012 0.0034  99.92% 0.2500 0.350
 78700  0.0063 0.0020 0.0036  99.91% 0.2500 0.350
 78800  0.0057 0.0024 0.0034  99.93% 0.2500 0.350
 78900  0.0057 0.0021 0.0032  99.93% 0.2500 0.350
 79000  0.0054 0.0020 0.0034  99.95% 0.2500 0.350
 79100  0.0075 0.0026 0.0032  99.88% 0.2500 0.350
 79200  0.0052 0.0028 0.0030  99.93% 0.2500 0.350
 79300  0.0050 0.0022 0.0026  99.94% 0.2500 0.350
 79400  0.0067 0.0024 0.0037  99.89% 0.2500 0.350
 79500  0.0064 0.0031 0.0031  99.89% 0.2500 0.350
 79600  0.0055 0.0025 0.0028  99.93% 0.2500 0.350
 79700  0.0101 0.0016 0.0027  99.79% 0.2500 0.350
 79800  0.0053 0.0020 0.0029  99.91% 0.2500 0.350
 79900  0.0079 0.0108 0.0030  99.84% 0.2500 0.350
 80000  0.0059 0.0019 0.0034  99.90% 0.2500 0.350
 80100  0.0126 0.0028 0.0028  99.73% 0.2500 0.350
 80200  0.0051 0.0032 0.0030  99.93% 0.2500 0.350
 80300  0.0046 0.0016 0.0030  99.95% 0.2500 0.350
 80361  0.0040 0.0020 0.0031  99.99% 0.2500 0.350 ★
 80400  0.0092 0.0045 0.0030  99.82% 0.2500 0.350
 80500  0.0067 0.0013 0.0031  99.92% 0.2500 0.350
 80600  0.0082 0.0099 0.0029  99.85% 0.2500 0.350
 80700  0.0064 0.0021 0.0031  99.91% 0.2500 0.350
 80800  0.0074 0.0025 0.0035  99.89% 0.2500 0.350
 80900  0.0122 0.0051 0.0034  99.72% 0.2500 0.350
 81000  0.0051 0.0017 0.0031  99.91% 0.2500 0.350
 81100  0.0080 0.0051 0.0035  99.87% 0.2500 0.350
 81200  0.0087 0.0019 0.0042  99.86% 0.2500 0.350
 81300  0.0053 0.0033 0.0031  99.95% 0.2500 0.350
 81400  0.0051 0.0019 0.0029  99.94% 0.2500 0.350
 81500  0.0117 0.0172 0.0035  99.77% 0.2500 0.350
 81600  0.0137 0.0178 0.0036  99.70% 0.2500 0.350
 81700  0.0071 0.0052 0.0027  99.88% 0.2500 0.350
 81800  0.0082 0.0082 0.0028  99.84% 0.2500 0.350
 81900  0.0068 0.0019 0.0031  99.88% 0.2500 0.350
 82000  0.0069 0.0020 0.0031  99.86% 0.2500 0.350
 82100  0.0071 0.0048 0.0036  99.89% 0.2500 0.350
 82200  0.0067 0.0031 0.0030  99.89% 0.2500 0.350
 82300  0.0050 0.0017 0.0031  99.95% 0.2500 0.350
 82400  0.0063 0.0028 0.0029  99.87% 0.2500 0.350
 82500  0.0064 0.0008 0.0029  99.88% 0.2500 0.350
 82600  0.0086 0.0045 0.0037  99.83% 0.2500 0.350
 82700  0.0060 0.0020 0.0032  99.92% 0.2500 0.350
 82800  0.0050 0.0026 0.0030  99.94% 0.2500 0.350
 82900  0.0068 0.0050 0.0031  99.88% 0.2500 0.350
 83000  0.0077 0.0083 0.0032  99.86% 0.2500 0.350
 83100  0.0063 0.0026 0.0030  99.88% 0.2500 0.350
 83200  0.0046 0.0017 0.0029  99.95% 0.2500 0.350
 83300  0.0069 0.0030 0.0031  99.90% 0.2500 0.350
 83400  0.0049 0.0014 0.0032  99.95% 0.2500 0.350
 83500  0.0070 0.0103 0.0027  99.87% 0.2500 0.350
 83600  0.0054 0.0027 0.0030  99.92% 0.2500 0.350
 83700  0.0059 0.0015 0.0036  99.91% 0.2500 0.350
 83800  0.0048 0.0031 0.0028  99.94% 0.2500 0.350
 83900  0.0078 0.0099 0.0031  99.85% 0.2500 0.350
 84000  0.0056 0.0022 0.0030  99.92% 0.2500 0.350
 84100  0.0095 0.0031 0.0026  99.82% 0.2500 0.350
 84200  0.0067 0.0036 0.0031  99.87% 0.2500 0.350
 84300  0.0062 0.0029 0.0032  99.91% 0.2500 0.350
 84400  0.0062 0.0020 0.0027  99.88% 0.2500 0.350
 84500  0.0057 0.0018 0.0034  99.90% 0.2500 0.350
 84600  0.0075 0.0021 0.0034  99.89% 0.2500 0.350
 84700  0.0086 0.0025 0.0029  99.84% 0.2500 0.350
 84800  0.0068 0.0010 0.0030  99.89% 0.2500 0.350
 84900  0.0052 0.0019 0.0030  99.93% 0.2500 0.350
 85000  0.0080 0.0038 0.0026  99.86% 0.2500 0.350
 85100  0.0048 0.0013 0.0035  99.95% 0.2500 0.350
 85200  0.0050 0.0020 0.0028  99.94% 0.2500 0.350
 85300  0.0061 0.0062 0.0029  99.91% 0.2500 0.350
 85400  0.0051 0.0040 0.0031  99.93% 0.2500 0.350
 85500  0.0162 0.0033 0.0032  99.60% 0.2500 0.350
 85600  0.0058 0.0032 0.0030  99.89% 0.2500 0.350
 85700  0.0111 0.0230 0.0029  99.77% 0.2500 0.350
 85800  0.0044 0.0009 0.0026  99.95% 0.2500 0.350
 85900  0.0049 0.0014 0.0030  99.94% 0.2500 0.350
 86000  0.0065 0.0030 0.0027  99.87% 0.2500 0.350
 86100  0.0123 0.0025 0.0033  99.73% 0.2500 0.350
 86200  0.0052 0.0028 0.0028  99.93% 0.2500 0.350
 86300  0.0060 0.0023 0.0027  99.91% 0.2500 0.350
 86400  0.0066 0.0028 0.0029  99.88% 0.2500 0.350
 86500  0.0064 0.0058 0.0029  99.89% 0.2500 0.350
 86600  0.0043 0.0014 0.0033  99.96% 0.2500 0.350
 86700  0.0052 0.0030 0.0031  99.92% 0.2500 0.350
 86800  0.0052 0.0033 0.0029  99.92% 0.2500 0.350
 86900  0.0059 0.0024 0.0027  99.93% 0.2500 0.350
 87000  0.0061 0.0038 0.0028  99.92% 0.2500 0.350
 87100  0.0055 0.0017 0.0033  99.95% 0.2500 0.350
 87200  0.0046 0.0009 0.0030  99.95% 0.2500 0.350
 87300  0.0053 0.0029 0.0032  99.94% 0.2500 0.350
 87400  0.0047 0.0016 0.0030  99.95% 0.2500 0.350
 87500  0.0046 0.0012 0.0026  99.95% 0.2500 0.350
 87600  0.0092 0.0046 0.0027  99.80% 0.2500 0.350
 87700  0.0047 0.0015 0.0027  99.94% 0.2500 0.350
 87800  0.0052 0.0010 0.0029  99.94% 0.2500 0.350
 87900  0.0074 0.0017 0.0027  99.84% 0.2500 0.350
 88000  0.0084 0.0026 0.0028  99.84% 0.2500 0.350
 88100  0.0076 0.0024 0.0026  99.84% 0.2500 0.350
 88200  0.0046 0.0028 0.0029  99.95% 0.2500 0.350
 88300  0.0050 0.0023 0.0027  99.93% 0.2500 0.350
 88400  0.0052 0.0038 0.0028  99.94% 0.2500 0.350
 88500  0.0071 0.0031 0.0032  99.89% 0.2500 0.350
 88600  0.0053 0.0029 0.0030  99.92% 0.2500 0.350
 88700  0.0067 0.0070 0.0026  99.89% 0.2500 0.350
 88800  0.0086 0.0116 0.0026  99.83% 0.2500 0.350
 88900  0.0070 0.0017 0.0028  99.88% 0.2500 0.350
 89000  0.0068 0.0045 0.0028  99.89% 0.2500 0.350
 89100  0.0114 0.0036 0.0026  99.75% 0.2500 0.350
 89200  0.0067 0.0059 0.0032  99.91% 0.2500 0.350
 89300  0.0045 0.0029 0.0028  99.95% 0.2500 0.350
 89400  0.0049 0.0025 0.0031  99.94% 0.2500 0.350
 89500  0.0060 0.0037 0.0030  99.89% 0.2500 0.350
 89600  0.0080 0.0039 0.0025  99.84% 0.2500 0.350
 89700  0.0047 0.0031 0.0031  99.95% 0.2500 0.350
 89800  0.0046 0.0017 0.0032  99.94% 0.2500 0.350
 89900  0.0069 0.0022 0.0025  99.87% 0.2500 0.350
 90000  0.0043 0.0024 0.0027  99.95% 0.2500 0.350
 90100  0.0056 0.0019 0.0027  99.91% 0.2500 0.350
 90200  0.0041 0.0014 0.0026  99.97% 0.2500 0.350
 90300  0.0063 0.0013 0.0030  99.92% 0.2500 0.350
 90400  0.0056 0.0012 0.0037  99.95% 0.2500 0.350
 90500  0.0067 0.0022 0.0027  99.88% 0.2500 0.350
 90600  0.0134 0.0020 0.0027  99.68% 0.2500 0.350
 90700  0.0065 0.0030 0.0029  99.89% 0.2500 0.350
 90800  0.0063 0.0037 0.0028  99.90% 0.2500 0.350
 90900  0.0061 0.0016 0.0028  99.90% 0.2500 0.350
 91000  0.0055 0.0014 0.0028  99.92% 0.2500 0.350
 91100  0.0075 0.0055 0.0026  99.84% 0.2500 0.350
 91200  0.0061 0.0016 0.0031  99.91% 0.2500 0.350
 91300  0.0049 0.0022 0.0028  99.93% 0.2500 0.350
 91400  0.0053 0.0013 0.0030  99.94% 0.2500 0.350
 91500  0.0057 0.0023 0.0031  99.93% 0.2500 0.350
 91584  0.0035 0.0014 0.0028  99.99% 0.2500 0.350 ★
 91600  0.0047 0.0013 0.0026  99.93% 0.2500 0.350
 91700  0.0088 0.0015 0.0028  99.84% 0.2500 0.350
 91800  0.0053 0.0042 0.0025  99.92% 0.2500 0.350
 91900  0.0074 0.0017 0.0030  99.88% 0.2500 0.350
 92000  0.0051 0.0020 0.0027  99.93% 0.2500 0.350
 92100  0.0059 0.0071 0.0027  99.91% 0.2500 0.350
 92200  0.0044 0.0022 0.0028  99.95% 0.2500 0.350
 92300  0.0053 0.0045 0.0027  99.94% 0.2500 0.350
 92400  0.0083 0.0092 0.0027  99.83% 0.2500 0.350
 92500  0.0063 0.0026 0.0026  99.89% 0.2500 0.350
 92600  0.0073 0.0019 0.0027  99.85% 0.2500 0.350
 92700  0.0056 0.0016 0.0026  99.92% 0.2500 0.350
 92800  0.0048 0.0021 0.0029  99.94% 0.2500 0.350
 92900  0.0054 0.0025 0.0026  99.92% 0.2500 0.350
 93000  0.0069 0.0058 0.0026  99.84% 0.2500 0.350
 93100  0.0068 0.0097 0.0027  99.88% 0.2500 0.350
 93200  0.0061 0.0049 0.0025  99.88% 0.2500 0.350
 93300  0.0053 0.0019 0.0027  99.94% 0.2500 0.350
 93400  0.0053 0.0040 0.0028  99.93% 0.2500 0.350
 93500  0.0069 0.0012 0.0030  99.89% 0.2500 0.350
 93600  0.0043 0.0019 0.0029  99.95% 0.2500 0.350
 93700  0.0041 0.0021 0.0026  99.96% 0.2500 0.350
 93800  0.0056 0.0015 0.0025  99.91% 0.2500 0.350
 93900  0.0050 0.0033 0.0027  99.95% 0.2500 0.350
 94000  0.0061 0.0020 0.0029  99.89% 0.2500 0.350
 94100  0.0077 0.0052 0.0031  99.87% 0.2500 0.350
 94200  0.0048 0.0013 0.0029  99.93% 0.2500 0.350
 94300  0.0050 0.0018 0.0026  99.93% 0.2500 0.350
 94400  0.0064 0.0021 0.0026  99.90% 0.2500 0.350
 94500  0.0068 0.0017 0.0030  99.89% 0.2500 0.350
 94600  0.0056 0.0031 0.0032  99.93% 0.2500 0.350
 94700  0.0054 0.0026 0.0028  99.90% 0.2500 0.350
 94800  0.0051 0.0028 0.0032  99.93% 0.2500 0.350
 94900  0.0043 0.0012 0.0026  99.95% 0.2500 0.350
 95000  0.0045 0.0015 0.0025  99.95% 0.2500 0.350
 95100  0.0068 0.0094 0.0028  99.90% 0.2500 0.350
 95200  0.0048 0.0018 0.0028  99.95% 0.2500 0.350
 95300  0.0071 0.0041 0.0025  99.86% 0.2500 0.350
 95400  0.0074 0.0019 0.0029  99.85% 0.2500 0.350
 95500  0.0041 0.0012 0.0026  99.94% 0.2500 0.350
 95600  0.0057 0.0067 0.0027  99.92% 0.2500 0.350
 95700  0.0044 0.0010 0.0030  99.95% 0.2500 0.350
 95800  0.0054 0.0030 0.0026  99.91% 0.2500 0.350
 95900  0.0066 0.0092 0.0024  99.89% 0.2500 0.350
 96000  0.0049 0.0025 0.0030  99.93% 0.2500 0.350
 96100  0.0057 0.0021 0.0024  99.91% 0.2500 0.350
 96200  0.0046 0.0014 0.0027  99.94% 0.2500 0.350
 96300  0.0093 0.0034 0.0030  99.80% 0.2500 0.350
 96400  0.0045 0.0016 0.0027  99.94% 0.2500 0.350
 96500  0.0073 0.0025 0.0025  99.87% 0.2500 0.350
 96600  0.0061 0.0032 0.0025  99.90% 0.2500 0.350
 96700  0.0075 0.0022 0.0024  99.86% 0.2500 0.350
 96800  0.0060 0.0055 0.0029  99.91% 0.2500 0.350
 96900  0.0042 0.0012 0.0028  99.95% 0.2500 0.350
 97000  0.0070 0.0023 0.0029  99.86% 0.2500 0.350
 97100  0.0045 0.0016 0.0027  99.95% 0.2500 0.350
 97200  0.0070 0.0031 0.0031  99.87% 0.2500 0.350
 97300  0.0074 0.0044 0.0025  99.86% 0.2500 0.350
 97400  0.0044 0.0018 0.0024  99.94% 0.2500 0.350
 97500  0.0054 0.0013 0.0028  99.92% 0.2500 0.350
 97600  0.0040 0.0024 0.0026  99.96% 0.2500 0.350
 97700  0.0062 0.0029 0.0024  99.89% 0.2500 0.350
 97800  0.0090 0.0012 0.0027  99.80% 0.2500 0.350
 97900  0.0040 0.0011 0.0028  99.95% 0.2500 0.350
 98000  0.0039 0.0019 0.0024  99.95% 0.2500 0.350
 98100  0.0079 0.0066 0.0025  99.84% 0.2500 0.350
 98200  0.0062 0.0024 0.0025  99.89% 0.2500 0.350
 98300  0.0051 0.0031 0.0024  99.92% 0.2500 0.350
 98400  0.0038 0.0020 0.0025  99.96% 0.2500 0.350
 98500  0.0065 0.0016 0.0027  99.88% 0.2500 0.350
 98600  0.0090 0.0024 0.0026  99.81% 0.2500 0.350
 98700  0.0061 0.0026 0.0027  99.89% 0.2500 0.350
 98800  0.0078 0.0065 0.0023  99.84% 0.2500 0.350
 98900  0.0045 0.0030 0.0026  99.93% 0.2500 0.350
 99000  0.0058 0.0023 0.0029  99.92% 0.2500 0.350
 99100  0.0043 0.0014 0.0024  99.95% 0.2500 0.350
 99200  0.0040 0.0010 0.0025  99.96% 0.2500 0.350
 99300  0.0073 0.0011 0.0023  99.83% 0.2500 0.350
 99400  0.0044 0.0023 0.0024  99.94% 0.2500 0.350
 99500  0.0061 0.0013 0.0028  99.90% 0.2500 0.350
 99600  0.0037 0.0008 0.0029  99.96% 0.2500 0.350
 99700  0.0105 0.0103 0.0025  99.77% 0.2500 0.350
 99800  0.0046 0.0034 0.0026  99.95% 0.2500 0.350
 99900  0.0047 0.0036 0.0029  99.94% 0.2500 0.350
100000  0.0061 0.0016 0.0026  99.90% 0.2500 0.350
100100  0.0046 0.0021 0.0032  99.95% 0.2500 0.350
100200  0.0052 0.0024 0.0028  99.94% 0.2500 0.350
100300  0.0042 0.0025 0.0026  99.94% 0.2500 0.350
100400  0.0048 0.0016 0.0027  99.92% 0.2500 0.350
100500  0.0052 0.0043 0.0026  99.91% 0.2500 0.350
100600  0.0050 0.0035 0.0030  99.95% 0.2500 0.350
100700  0.0036 0.0016 0.0026  99.96% 0.2500 0.350
100800  0.0077 0.0084 0.0024  99.85% 0.2500 0.350
100900  0.0078 0.0018 0.0026  99.85% 0.2500 0.350
101000  0.0039 0.0014 0.0024  99.96% 0.2500 0.350
101100  0.0053 0.0019 0.0025  99.91% 0.2500 0.350
101200  0.0052 0.0017 0.0028  99.93% 0.2500 0.350
101300  0.0056 0.0026 0.0022  99.89% 0.2500 0.350
101400  0.0047 0.0017 0.0023  99.94% 0.2500 0.350
101500  0.0050 0.0037 0.0027  99.94% 0.2500 0.350
101600  0.0045 0.0019 0.0029  99.95% 0.2500 0.350
101700  0.0070 0.0036 0.0024  99.87% 0.2500 0.350
101800  0.0052 0.0022 0.0023  99.91% 0.2500 0.350
101900  0.0050 0.0029 0.0023  99.93% 0.2500 0.350
102000  0.0035 0.0009 0.0023  99.97% 0.2500 0.350
102100  0.0041 0.0008 0.0021  99.94% 0.2500 0.350
102200  0.0059 0.0027 0.0025  99.90% 0.2500 0.350
102300  0.0051 0.0015 0.0025  99.92% 0.2500 0.350
102400  0.0089 0.0024 0.0024  99.81% 0.2500 0.350
102500  0.0065 0.0029 0.0024  99.88% 0.2500 0.350
102600  0.0063 0.0027 0.0025  99.88% 0.2500 0.350
102700  0.0075 0.0011 0.0025  99.85% 0.2500 0.350
102800  0.0044 0.0015 0.0025  99.95% 0.2500 0.350
102900  0.0048 0.0020 0.0024  99.92% 0.2500 0.350
103000  0.0053 0.0010 0.0026  99.91% 0.2500 0.350
103100  0.0056 0.0032 0.0022  99.90% 0.2500 0.350
103200  0.0066 0.0027 0.0023  99.89% 0.2500 0.350
103300  0.0044 0.0025 0.0021  99.94% 0.2500 0.350
103400  0.0080 0.0018 0.0028  99.83% 0.2500 0.350
103500  0.0049 0.0011 0.0025  99.93% 0.2500 0.350
103600  0.0050 0.0009 0.0026  99.95% 0.2500 0.350
103700  0.0042 0.0037 0.0021  99.93% 0.2500 0.350
103800  0.0060 0.0080 0.0024  99.91% 0.2500 0.350
103900  0.0038 0.0022 0.0021  99.94% 0.2500 0.350
104000  0.0039 0.0013 0.0025  99.95% 0.2500 0.350
104100  0.0062 0.0018 0.0024  99.90% 0.2500 0.350
104200  0.0058 0.0033 0.0024  99.90% 0.2500 0.350
104300  0.0045 0.0018 0.0024  99.93% 0.2500 0.350
104400  0.0031 0.0009 0.0021  99.98% 0.2500 0.350
104500  0.0061 0.0011 0.0026  99.88% 0.2500 0.350
104600  0.0051 0.0052 0.0026  99.93% 0.2500 0.350
104700  0.0052 0.0037 0.0026  99.92% 0.2500 0.350
104800  0.0038 0.0021 0.0026  99.97% 0.2500 0.350
104900  0.0080 0.0013 0.0024  99.84% 0.2500 0.350
105000  0.0058 0.0010 0.0024  99.90% 0.2500 0.350
105100  0.0063 0.0036 0.0024  99.89% 0.2500 0.350
105200  0.0036 0.0009 0.0028  99.97% 0.2500 0.350
105300  0.0040 0.0012 0.0025  99.95% 0.2500 0.350
105400  0.0035 0.0018 0.0021  99.96% 0.2500 0.350
105500  0.0042 0.0020 0.0025  99.94% 0.2500 0.350
105600  0.0035 0.0014 0.0026  99.97% 0.2500 0.350
105700  0.0049 0.0028 0.0023  99.94% 0.2500 0.350
105800  0.0039 0.0018 0.0026  99.96% 0.2500 0.350
105900  0.0043 0.0033 0.0023  99.94% 0.2500 0.350
106000  0.0044 0.0023 0.0024  99.94% 0.2500 0.350
106100  0.0058 0.0021 0.0024  99.91% 0.2500 0.350
106200  0.0042 0.0014 0.0027  99.94% 0.2500 0.350
106300  0.0044 0.0015 0.0023  99.93% 0.2500 0.350
106400  0.0066 0.0013 0.0029  99.88% 0.2500 0.350
106500  0.0038 0.0014 0.0025  99.95% 0.2500 0.350
106600  0.0037 0.0016 0.0024  99.96% 0.2500 0.350
106700  0.0056 0.0022 0.0021  99.90% 0.2500 0.350
106800  0.0045 0.0018 0.0026  99.94% 0.2500 0.350
106900  0.0041 0.0014 0.0023  99.94% 0.2500 0.350
107000  0.0110 0.0021 0.0025  99.74% 0.2500 0.350
107100  0.0056 0.0026 0.0023  99.90% 0.2500 0.350
107200  0.0041 0.0023 0.0024  99.93% 0.2500 0.350
107300  0.0048 0.0015 0.0027  99.93% 0.2500 0.350
107400  0.0063 0.0095 0.0024  99.89% 0.2500 0.350
107500  0.0034 0.0016 0.0024  99.97% 0.2500 0.350
107600  0.0043 0.0023 0.0026  99.95% 0.2500 0.350
107700  0.0038 0.0020 0.0024  99.96% 0.2500 0.350
107800  0.0039 0.0016 0.0023  99.95% 0.2500 0.350
107900  0.0052 0.0012 0.0025  99.91% 0.2500 0.350
108000  0.0036 0.0013 0.0023  99.95% 0.2500 0.350
108100  0.0065 0.0013 0.0025  99.87% 0.2500 0.350
108200  0.0116 0.0011 0.0022  99.72% 0.2500 0.350
108300  0.0044 0.0015 0.0028  99.94% 0.2500 0.350
108400  0.0082 0.0014 0.0024  99.85% 0.2500 0.350
108500  0.0041 0.0019 0.0023  99.95% 0.2500 0.350
108600  0.0071 0.0024 0.0024  99.87% 0.2500 0.350
108700  0.0044 0.0019 0.0026  99.93% 0.2500 0.350
108800  0.0055 0.0028 0.0019  99.89% 0.2500 0.350
108900  0.0101 0.0096 0.0023  99.77% 0.2500 0.350
109000  0.0043 0.0018 0.0022  99.94% 0.2500 0.350
109100  0.0039 0.0021 0.0024  99.95% 0.2500 0.350
109200  0.0046 0.0020 0.0024  99.94% 0.2500 0.350
109300  0.0044 0.0034 0.0023  99.94% 0.2500 0.350
109400  0.0041 0.0032 0.0024  99.96% 0.2500 0.350
109500  0.0052 0.0026 0.0024  99.93% 0.2500 0.350
109600  0.0049 0.0042 0.0024  99.92% 0.2500 0.350
109700  0.0054 0.0039 0.0025  99.91% 0.2500 0.350
109800  0.0073 0.0025 0.0023  99.86% 0.2500 0.350
109900  0.0053 0.0012 0.0022  99.91% 0.2500 0.350
110000  0.0035 0.0017 0.0022  99.96% 0.2500 0.350
110100  0.0062 0.0008 0.0026  99.90% 0.2500 0.350
110200  0.0051 0.0022 0.0021  99.92% 0.2500 0.350
110300  0.0049 0.0061 0.0025  99.94% 0.2500 0.350
110400  0.0037 0.0019 0.0021  99.96% 0.2500 0.350
110500  0.0053 0.0015 0.0022  99.91% 0.2500 0.350
110600  0.0039 0.0019 0.0026  99.96% 0.2500 0.350
110700  0.0041 0.0013 0.0023  99.95% 0.2500 0.350
110800  0.0043 0.0022 0.0026  99.95% 0.2500 0.350
110900  0.0050 0.0017 0.0021  99.91% 0.2500 0.350
111000  0.0035 0.0029 0.0021  99.95% 0.2500 0.350
111100  0.0037 0.0010 0.0022  99.96% 0.2500 0.350
111200  0.0035 0.0015 0.0020  99.95% 0.2500 0.350
111300  0.0044 0.0053 0.0019  99.93% 0.2500 0.350
111400  0.0061 0.0025 0.0023  99.91% 0.2500 0.350
111500  0.0039 0.0014 0.0020  99.95% 0.2500 0.350
111600  0.0038 0.0023 0.0022  99.95% 0.2500 0.350
111700  0.0047 0.0007 0.0022  99.92% 0.2500 0.350
111800  0.0081 0.0024 0.0023  99.81% 0.2500 0.350
111900  0.0041 0.0010 0.0024  99.95% 0.2500 0.350
112000  0.0040 0.0016 0.0024  99.95% 0.2500 0.350
112100  0.0062 0.0025 0.0024  99.86% 0.2500 0.350
112200  0.0106 0.0015 0.0023  99.74% 0.2500 0.350
112300  0.0027 0.0010 0.0021  99.98% 0.2500 0.350
112400  0.0034 0.0006 0.0025  99.98% 0.2500 0.350
112500  0.0045 0.0013 0.0024  99.92% 0.2500 0.350
112600  0.0057 0.0047 0.0021  99.90% 0.2500 0.350
112700  0.0032 0.0013 0.0025  99.97% 0.2500 0.350
112800  0.0038 0.0010 0.0024  99.95% 0.2500 0.350
112900  0.0039 0.0026 0.0024  99.95% 0.2500 0.350
113000  0.0052 0.0059 0.0023  99.93% 0.2500 0.350
113100  0.0030 0.0011 0.0023  99.97% 0.2500 0.350
113200  0.0034 0.0011 0.0020  99.94% 0.2500 0.350
113300  0.0047 0.0015 0.0025  99.94% 0.2500 0.350
113400  0.0036 0.0014 0.0026  99.97% 0.2500 0.350
113500  0.0035 0.0013 0.0021  99.96% 0.2500 0.350
113600  0.0051 0.0027 0.0021  99.90% 0.2500 0.350
113700  0.0035 0.0022 0.0025  99.97% 0.2500 0.350
113800  0.0034 0.0009 0.0023  99.96% 0.2500 0.350
113900  0.0042 0.0008 0.0020  99.94% 0.2500 0.350
114000  0.0094 0.0010 0.0025  99.79% 0.2500 0.350
114100  0.0040 0.0009 0.0022  99.95% 0.2500 0.350
114200  0.0049 0.0008 0.0021  99.91% 0.2500 0.350
114300  0.0043 0.0052 0.0022  99.94% 0.2500 0.350
114400  0.0044 0.0012 0.0025  99.93% 0.2500 0.350
114500  0.0050 0.0028 0.0024  99.92% 0.2500 0.350
114600  0.0047 0.0013 0.0021  99.91% 0.2500 0.350
114700  0.0037 0.0013 0.0023  99.97% 0.2500 0.350
114800  0.0053 0.0031 0.0021  99.90% 0.2500 0.350
114900  0.0036 0.0010 0.0020  99.96% 0.2500 0.350
115000  0.0072 0.0011 0.0021  99.85% 0.2500 0.350
115100  0.0035 0.0017 0.0021  99.95% 0.2500 0.350
115200  0.0029 0.0011 0.0019  99.98% 0.2500 0.350
115300  0.0068 0.0028 0.0025  99.88% 0.2500 0.350
115400  0.0099 0.0011 0.0022  99.78% 0.2500 0.350
115500  0.0060 0.0010 0.0023  99.87% 0.2500 0.350
115600  0.0059 0.0044 0.0022  99.89% 0.2500 0.350
115700  0.0071 0.0126 0.0019  99.84% 0.2500 0.350
115800  0.0030 0.0007 0.0023  99.98% 0.2500 0.350
115900  0.0033 0.0020 0.0021  99.97% 0.2500 0.350
116000  0.0057 0.0032 0.0021  99.88% 0.2500 0.350
116100  0.0028 0.0011 0.0021  99.97% 0.2500 0.350
116200  0.0028 0.0010 0.0021  99.98% 0.2500 0.350
116300  0.0046 0.0060 0.0024  99.93% 0.2500 0.350
116400  0.0037 0.0020 0.0022  99.95% 0.2500 0.350
116500  0.0074 0.0053 0.0023  99.86% 0.2500 0.350
116600  0.0039 0.0014 0.0021  99.95% 0.2500 0.350
116700  0.0032 0.0010 0.0022  99.98% 0.2500 0.350
116800  0.0033 0.0018 0.0023  99.97% 0.2500 0.350
116900  0.0057 0.0019 0.0023  99.90% 0.2500 0.350
116957  0.0028 0.0009 0.0025 100.00% 0.2500 0.350 ★
117000  0.0082 0.0091 0.0025  99.84% 0.2500 0.350
117100  0.0056 0.0062 0.0022  99.90% 0.2500 0.350
117200  0.0099 0.0018 0.0021  99.78% 0.2500 0.350
117300  0.0031 0.0015 0.0019  99.97% 0.2500 0.350
117400  0.0076 0.0026 0.0023  99.85% 0.2500 0.350
117500  0.0059 0.0011 0.0024  99.91% 0.2500 0.350
117600  0.0035 0.0010 0.0020  99.96% 0.2500 0.350
117700  0.0059 0.0013 0.0022  99.90% 0.2500 0.350
117800  0.0036 0.0024 0.0022  99.95% 0.2500 0.350
117900  0.0033 0.0010 0.0023  99.98% 0.2500 0.350
118000  0.0046 0.0007 0.0021  99.92% 0.2500 0.350
118100  0.0039 0.0014 0.0022  99.95% 0.2500 0.350
118200  0.0088 0.0029 0.0021  99.78% 0.2500 0.350
118300  0.0081 0.0114 0.0022  99.85% 0.2500 0.350
118400  0.0079 0.0032 0.0021  99.84% 0.2500 0.350
118500  0.0044 0.0010 0.0021  99.93% 0.2500 0.350
118600  0.0040 0.0009 0.0022  99.95% 0.2500 0.350
118700  0.0051 0.0067 0.0021  99.90% 0.2500 0.350
118800  0.0032 0.0014 0.0022  99.98% 0.2500 0.350
118900  0.0029 0.0011 0.0021  99.98% 0.2500 0.350
119000  0.0040 0.0016 0.0022  99.95% 0.2500 0.350
119100  0.0038 0.0012 0.0021  99.95% 0.2500 0.350
119200  0.0028 0.0011 0.0021  99.98% 0.2500 0.350
119300  0.0033 0.0006 0.0021  99.97% 0.2500 0.350
119400  0.0029 0.0012 0.0023  99.98% 0.2500 0.350
119500  0.0041 0.0010 0.0021  99.95% 0.2500 0.350
119600  0.0033 0.0009 0.0021  99.96% 0.2500 0.350
119700  0.0050 0.0068 0.0021  99.91% 0.2500 0.350
119800  0.0034 0.0022 0.0021  99.97% 0.2500 0.350
119900  0.0037 0.0017 0.0021  99.95% 0.2500 0.350
120000  0.0032 0.0007 0.0022  99.97% 0.2500 0.350
120100  0.0035 0.0028 0.0022  99.97% 0.2500 0.350
120200  0.0058 0.0010 0.0020  99.89% 0.2500 0.350
120300  0.0042 0.0006 0.0023  99.95% 0.2500 0.350
120400  0.0055 0.0021 0.0019  99.91% 0.2500 0.350
120500  0.0045 0.0017 0.0024  99.95% 0.2500 0.350
120600  0.0033 0.0013 0.0022  99.96% 0.2500 0.350
120700  0.0093 0.0219 0.0019  99.79% 0.2500 0.350
120800  0.0054 0.0040 0.0021  99.90% 0.2500 0.350
120900  0.0028 0.0005 0.0022  99.98% 0.2500 0.350
121000  0.0047 0.0017 0.0020  99.94% 0.2500 0.350
121100  0.0034 0.0015 0.0021  99.96% 0.2500 0.350
121200  0.0035 0.0008 0.0020  99.95% 0.2500 0.350
121300  0.0034 0.0015 0.0023  99.97% 0.2500 0.350
121400  0.0065 0.0095 0.0021  99.88% 0.2500 0.350
121500  0.0029 0.0018 0.0020  99.98% 0.2500 0.350
121600  0.0065 0.0013 0.0020  99.86% 0.2500 0.350
121700  0.0048 0.0056 0.0019  99.93% 0.2500 0.350
121800  0.0037 0.0017 0.0020  99.94% 0.2500 0.350
121900  0.0052 0.0090 0.0021  99.92% 0.2500 0.350
122000  0.0043 0.0015 0.0019  99.93% 0.2500 0.350
122100  0.0037 0.0014 0.0021  99.96% 0.2500 0.350
122200  0.0063 0.0040 0.0021  99.88% 0.2500 0.350
122300  0.0026 0.0016 0.0019  99.98% 0.2500 0.350
122400  0.0036 0.0025 0.0022  99.96% 0.2500 0.350
122500  0.0040 0.0011 0.0021  99.95% 0.2500 0.350
122600  0.0051 0.0023 0.0024  99.92% 0.2500 0.350
122700  0.0052 0.0020 0.0022  99.91% 0.2500 0.350
122800  0.0039 0.0015 0.0021  99.95% 0.2500 0.350
122900  0.0044 0.0009 0.0020  99.94% 0.2500 0.350
123000  0.0058 0.0009 0.0023  99.91% 0.2500 0.350
123100  0.0051 0.0019 0.0021  99.92% 0.2500 0.350
123200  0.0103 0.0129 0.0022  99.76% 0.2500 0.350
123300  0.0038 0.0017 0.0020  99.95% 0.2500 0.350
123400  0.0049 0.0056 0.0022  99.93% 0.2500 0.350
123500  0.0038 0.0009 0.0021  99.95% 0.2500 0.350
123600  0.0036 0.0030 0.0020  99.96% 0.2500 0.350
123700  0.0028 0.0010 0.0020  99.98% 0.2500 0.350
123800  0.0028 0.0017 0.0021  99.98% 0.2500 0.350
123900  0.0028 0.0013 0.0019  99.97% 0.2500 0.350
124000  0.0044 0.0016 0.0021  99.93% 0.2500 0.350
124100  0.0032 0.0011 0.0021  99.96% 0.2500 0.350
124200  0.0036 0.0038 0.0022  99.96% 0.2500 0.350
124300  0.0039 0.0008 0.0020  99.95% 0.2500 0.350
124400  0.0047 0.0047 0.0021  99.92% 0.2500 0.350
124500  0.0033 0.0013 0.0021  99.96% 0.2500 0.350
124600  0.0046 0.0015 0.0019  99.93% 0.2500 0.350
124700  0.0037 0.0012 0.0023  99.95% 0.2500 0.350
124800  0.0083 0.0019 0.0020  99.80% 0.2500 0.350
124900  0.0056 0.0046 0.0021  99.91% 0.2500 0.350
125000  0.0079 0.0154 0.0020  99.82% 0.2500 0.350
125100  0.0047 0.0009 0.0019  99.92% 0.2500 0.350
125200  0.0035 0.0013 0.0019  99.96% 0.2500 0.350
125300  0.0035 0.0013 0.0020  99.94% 0.2500 0.350
125400  0.0038 0.0010 0.0021  99.96% 0.2500 0.350
125500  0.0060 0.0009 0.0020  99.87% 0.2500 0.350
125600  0.0043 0.0024 0.0023  99.94% 0.2500 0.350
125700  0.0036 0.0015 0.0020  99.95% 0.2500 0.350
125800  0.0059 0.0005 0.0019  99.89% 0.2500 0.350
125900  0.0062 0.0064 0.0019  99.87% 0.2500 0.350
126000  0.0050 0.0012 0.0021  99.92% 0.2500 0.350
126100  0.0088 0.0109 0.0022  99.81% 0.2500 0.350
126200  0.0039 0.0025 0.0022  99.95% 0.2500 0.350
126300  0.0032 0.0012 0.0020  99.97% 0.2500 0.350
126400  0.0031 0.0013 0.0024  99.97% 0.2500 0.350
126500  0.0034 0.0026 0.0018  99.95% 0.2500 0.350
126600  0.0031 0.0019 0.0021  99.98% 0.2500 0.350
126700  0.0037 0.0016 0.0019  99.95% 0.2500 0.350
126800  0.0044 0.0014 0.0021  99.93% 0.2500 0.350
126900  0.0052 0.0008 0.0020  99.91% 0.2500 0.350
127000  0.0029 0.0015 0.0021  99.97% 0.2500 0.350
127100  0.0073 0.0014 0.0019  99.83% 0.2500 0.350
127200  0.0048 0.0030 0.0021  99.93% 0.2500 0.350
127300  0.0053 0.0012 0.0021  99.89% 0.2500 0.350
127400  0.0079 0.0019 0.0021  99.85% 0.2500 0.350
127500  0.0039 0.0014 0.0021  99.95% 0.2500 0.350
127600  0.0057 0.0012 0.0020  99.88% 0.2500 0.350
127700  0.0035 0.0010 0.0022  99.96% 0.2500 0.350
127800  0.0043 0.0046 0.0021  99.95% 0.2500 0.350
127900  0.0034 0.0022 0.0020  99.97% 0.2500 0.350
128000  0.0042 0.0009 0.0020  99.95% 0.2500 0.350
128100  0.0033 0.0015 0.0021  99.97% 0.2500 0.350
128200  0.0051 0.0005 0.0019  99.91% 0.2500 0.350
128300  0.0028 0.0015 0.0019  99.99% 0.2500 0.350
128400  0.0035 0.0024 0.0021  99.95% 0.2500 0.350
128500  0.0034 0.0009 0.0020  99.97% 0.2500 0.350
128600  0.0054 0.0013 0.0023  99.91% 0.2500 0.350
128700  0.0033 0.0008 0.0021  99.96% 0.2500 0.350
128800  0.0035 0.0016 0.0021  99.96% 0.2500 0.350
128900  0.0030 0.0022 0.0021  99.97% 0.2500 0.350
129000  0.0035 0.0008 0.0020  99.97% 0.2500 0.350
129100  0.0067 0.0026 0.0019  99.85% 0.2500 0.350
129200  0.0030 0.0007 0.0023  99.98% 0.2500 0.350
129300  0.0049 0.0064 0.0022  99.92% 0.2500 0.350
129400  0.0034 0.0010 0.0021  99.97% 0.2500 0.350
129500  0.0043 0.0012 0.0020  99.92% 0.2500 0.350
129600  0.0029 0.0020 0.0019  99.97% 0.2500 0.350
129700  0.0043 0.0015 0.0019  99.94% 0.2500 0.350
129800  0.0032 0.0011 0.0019  99.97% 0.2500 0.350
129900  0.0060 0.0029 0.0020  99.90% 0.2500 0.350
130000  0.0036 0.0011 0.0020  99.95% 0.2500 0.350
130100  0.0035 0.0014 0.0020  99.95% 0.2500 0.350
130200  0.0029 0.0010 0.0021  99.97% 0.2500 0.350
130300  0.0040 0.0017 0.0021  99.94% 0.2500 0.350
130400  0.0027 0.0016 0.0021  99.99% 0.2500 0.350
130500  0.0028 0.0007 0.0019  99.97% 0.2500 0.350
130600  0.0053 0.0018 0.0019  99.91% 0.2500 0.350
130700  0.0085 0.0124 0.0020  99.82% 0.2500 0.350
130800  0.0066 0.0031 0.0019  99.87% 0.2500 0.350
130900  0.0030 0.0008 0.0019  99.97% 0.2500 0.350
131000  0.0038 0.0009 0.0019  99.95% 0.2500 0.350
131100  0.0057 0.0073 0.0019  99.90% 0.2500 0.350
131200  0.0033 0.0022 0.0021  99.96% 0.2500 0.350
131300  0.0025 0.0010 0.0019  99.99% 0.2500 0.350
131400  0.0041 0.0009 0.0021  99.96% 0.2500 0.350
131500  0.0030 0.0016 0.0020  99.97% 0.2500 0.350
131600  0.0038 0.0008 0.0021  99.94% 0.2500 0.350
131700  0.0030 0.0008 0.0020  99.97% 0.2500 0.350
131800  0.0033 0.0020 0.0021  99.97% 0.2500 0.350
131900  0.0035 0.0008 0.0020  99.97% 0.2500 0.350
132000  0.0047 0.0018 0.0020  99.92% 0.2500 0.350
132100  0.0045 0.0010 0.0018  99.93% 0.2500 0.350
132200  0.0029 0.0015 0.0021  99.98% 0.2500 0.350
132300  0.0040 0.0007 0.0021  99.95% 0.2500 0.350
132400  0.0033 0.0013 0.0020  99.97% 0.2500 0.350
132500  0.0044 0.0026 0.0019  99.92% 0.2500 0.350
132600  0.0038 0.0036 0.0019  99.95% 0.2500 0.350
132700  0.0069 0.0082 0.0019  99.85% 0.2500 0.350
132800  0.0061 0.0038 0.0020  99.89% 0.2500 0.350
132900  0.0034 0.0011 0.0020  99.96% 0.2500 0.350
133000  0.0046 0.0012 0.0020  99.91% 0.2500 0.350
133100  0.0026 0.0008 0.0019  99.98% 0.2500 0.350
133200  0.0029 0.0008 0.0019  99.97% 0.2500 0.350
133300  0.0034 0.0028 0.0021  99.96% 0.2500 0.350
133400  0.0036 0.0016 0.0019  99.95% 0.2500 0.350
133500  0.0043 0.0029 0.0020  99.94% 0.2500 0.350
133600  0.0037 0.0019 0.0021  99.95% 0.2500 0.350
133700  0.0032 0.0009 0.0020  99.97% 0.2500 0.350
133800  0.0029 0.0009 0.0020  99.98% 0.2500 0.350
133900  0.0037 0.0017 0.0020  99.95% 0.2500 0.350
134000  0.0052 0.0038 0.0020  99.91% 0.2500 0.350
134100  0.0035 0.0036 0.0020  99.95% 0.2500 0.350
134200  0.0034 0.0040 0.0019  99.96% 0.2500 0.350
134300  0.0032 0.0018 0.0021  99.95% 0.2500 0.350
134400  0.0032 0.0010 0.0020  99.96% 0.2500 0.350
134500  0.0030 0.0016 0.0019  99.98% 0.2500 0.350
134600  0.0041 0.0027 0.0019  99.93% 0.2500 0.350
134700  0.0036 0.0010 0.0020  99.95% 0.2500 0.350
134800  0.0032 0.0029 0.0020  99.97% 0.2500 0.350
134900  0.0081 0.0039 0.0020  99.80% 0.2500 0.350
135000  0.0028 0.0011 0.0020  99.98% 0.2500 0.350
135100  0.0031 0.0010 0.0020  99.97% 0.2500 0.350
135200  0.0079 0.0012 0.0021  99.84% 0.2500 0.350
135300  0.0033 0.0017 0.0019  99.95% 0.2500 0.350
135400  0.0038 0.0013 0.0020  99.95% 0.2500 0.350
135500  0.0050 0.0024 0.0020  99.91% 0.2500 0.350
135600  0.0055 0.0053 0.0019  99.88% 0.2500 0.350
135700  0.0030 0.0007 0.0019  99.97% 0.2500 0.350
135800  0.0054 0.0010 0.0021  99.90% 0.2500 0.350
135900  0.0031 0.0008 0.0020  99.96% 0.2500 0.350
136000  0.0029 0.0014 0.0019  99.98% 0.2500 0.350
136100  0.0056 0.0016 0.0019  99.88% 0.2500 0.350
136200  0.0027 0.0011 0.0020  99.98% 0.2500 0.350
136300  0.0024 0.0006 0.0018  99.99% 0.2500 0.350
136400  0.0039 0.0022 0.0018  99.95% 0.2500 0.350
136500  0.0029 0.0015 0.0020  99.97% 0.2500 0.350
136600  0.0026 0.0007 0.0019  99.98% 0.2500 0.350
136700  0.0028 0.0008 0.0018  99.98% 0.2500 0.350
136800  0.0035 0.0024 0.0019  99.95% 0.2500 0.350
136900  0.0035 0.0030 0.0019  99.96% 0.2500 0.350
137000  0.0033 0.0009 0.0020  99.96% 0.2500 0.350
137100  0.0091 0.0053 0.0020  99.79% 0.2500 0.350
137200  0.0028 0.0011 0.0018  99.97% 0.2500 0.350
137300  0.0032 0.0005 0.0020  99.98% 0.2500 0.350
137400  0.0048 0.0034 0.0020  99.92% 0.2500 0.350
137500  0.0035 0.0029 0.0019  99.94% 0.2500 0.350
137600  0.0030 0.0019 0.0020  99.97% 0.2500 0.350
137700  0.0041 0.0037 0.0019  99.94% 0.2500 0.350
137800  0.0063 0.0019 0.0020  99.87% 0.2500 0.350
137900  0.0027 0.0012 0.0020  99.98% 0.2500 0.350
138000  0.0045 0.0017 0.0020  99.93% 0.2500 0.350
138100  0.0070 0.0018 0.0020  99.87% 0.2500 0.350
138200  0.0046 0.0010 0.0018  99.91% 0.2500 0.350
138300  0.0024 0.0008 0.0019  99.99% 0.2500 0.350
138400  0.0039 0.0018 0.0019  99.94% 0.2500 0.350
138500  0.0065 0.0101 0.0020  99.88% 0.2500 0.350
138600  0.0049 0.0012 0.0020  99.91% 0.2500 0.350
138700  0.0060 0.0028 0.0020  99.87% 0.2500 0.350
138800  0.0033 0.0008 0.0020  99.95% 0.2500 0.350
138900  0.0035 0.0013 0.0019  99.95% 0.2500 0.350
139000  0.0026 0.0010 0.0019  99.98% 0.2500 0.350
139100  0.0028 0.0009 0.0019  99.98% 0.2500 0.350
139200  0.0030 0.0006 0.0019  99.97% 0.2500 0.350
139300  0.0052 0.0049 0.0019  99.91% 0.2500 0.350
139400  0.0041 0.0024 0.0020  99.94% 0.2500 0.350
139500  0.0045 0.0016 0.0019  99.94% 0.2500 0.350
139600  0.0085 0.0057 0.0019  99.81% 0.2500 0.350
139700  0.0043 0.0018 0.0019  99.93% 0.2500 0.350
139800  0.0028 0.0008 0.0020  99.97% 0.2500 0.350
139900  0.0047 0.0013 0.0018  99.92% 0.2500 0.350
140000  0.0049 0.0024 0.0019  99.92% 0.2500 0.350
140100  0.0037 0.0018 0.0020  99.95% 0.2500 0.350
140200  0.0027 0.0007 0.0020  99.98% 0.2500 0.350
140300  0.0053 0.0016 0.0020  99.90% 0.2500 0.350
140400  0.0028 0.0008 0.0019  99.98% 0.2500 0.350
140500  0.0040 0.0009 0.0020  99.95% 0.2500 0.350
140600  0.0036 0.0013 0.0018  99.95% 0.2500 0.350
140700  0.0031 0.0007 0.0019  99.96% 0.2500 0.350
140800  0.0035 0.0018 0.0019  99.95% 0.2500 0.350
140900  0.0047 0.0011 0.0019  99.92% 0.2500 0.350
141000  0.0030 0.0010 0.0020  99.97% 0.2500 0.350
141100  0.0034 0.0006 0.0019  99.96% 0.2500 0.350
141200  0.0030 0.0015 0.0020  99.97% 0.2500 0.350
141300  0.0027 0.0024 0.0019  99.98% 0.2500 0.350
141400  0.0033 0.0009 0.0019  99.95% 0.2500 0.350
141500  0.0046 0.0057 0.0018  99.93% 0.2500 0.350
141600  0.0028 0.0013 0.0020  99.96% 0.2500 0.350
141700  0.0028 0.0011 0.0020  99.98% 0.2500 0.350
141800  0.0037 0.0008 0.0020  99.95% 0.2500 0.350
141900  0.0030 0.0006 0.0019  99.97% 0.2500 0.350
142000  0.0035 0.0038 0.0019  99.97% 0.2500 0.350
142100  0.0049 0.0008 0.0018  99.92% 0.2500 0.350
142200  0.0027 0.0012 0.0019  99.98% 0.2500 0.350
142300  0.0079 0.0011 0.0019  99.79% 0.2500 0.350
142400  0.0040 0.0023 0.0018  99.94% 0.2500 0.350
142500  0.0039 0.0033 0.0020  99.97% 0.2500 0.350
142600  0.0028 0.0007 0.0019  99.98% 0.2500 0.350
142700  0.0061 0.0076 0.0018  99.90% 0.2500 0.350
142800  0.0040 0.0036 0.0019  99.95% 0.2500 0.350
142900  0.0033 0.0023 0.0019  99.95% 0.2500 0.350
143000  0.0036 0.0013 0.0020  99.95% 0.2500 0.350
143100  0.0030 0.0007 0.0019  99.97% 0.2500 0.350
143125  0.0023 0.0008 0.0019 100.00% 0.2500 0.350 ★
143200  0.0041 0.0014 0.0019  99.93% 0.2500 0.350
143300  0.0075 0.0010 0.0019  99.82% 0.2500 0.350
143400  0.0030 0.0011 0.0020  99.97% 0.2500 0.350
143500  0.0051 0.0029 0.0020  99.91% 0.2500 0.350
143600  0.0030 0.0018 0.0020  99.97% 0.2500 0.350
143700  0.0032 0.0019 0.0019  99.97% 0.2500 0.350
143800  0.0061 0.0012 0.0018  99.88% 0.2500 0.350
143900  0.0066 0.0032 0.0019  99.88% 0.2500 0.350
144000  0.0041 0.0049 0.0018  99.94% 0.2500 0.350
144100  0.0044 0.0027 0.0020  99.93% 0.2500 0.350
144200  0.0034 0.0012 0.0021  99.97% 0.2500 0.350
144300  0.0036 0.0043 0.0019  99.94% 0.2500 0.350
144400  0.0024 0.0007 0.0019  99.98% 0.2500 0.350
144500  0.0044 0.0008 0.0019  99.94% 0.2500 0.350
144600  0.0048 0.0016 0.0019  99.91% 0.2500 0.350
144700  0.0041 0.0010 0.0018  99.94% 0.2500 0.350
144800  0.0028 0.0011 0.0020  99.98% 0.2500 0.350
144900  0.0063 0.0006 0.0019  99.86% 0.2500 0.350
145000  0.0031 0.0010 0.0019  99.96% 0.2500 0.350
145100  0.0039 0.0008 0.0019  99.96% 0.2500 0.350
145200  0.0032 0.0015 0.0019  99.95% 0.2500 0.350
145300  0.0025 0.0006 0.0018  99.99% 0.2500 0.350
145400  0.0042 0.0010 0.0018  99.94% 0.2500 0.350
145500  0.0036 0.0033 0.0018  99.96% 0.2500 0.350
145600  0.0053 0.0036 0.0019  99.91% 0.2500 0.350
145700  0.0056 0.0048 0.0019  99.89% 0.2500 0.350
145800  0.0049 0.0014 0.0019  99.89% 0.2500 0.350
145900  0.0035 0.0039 0.0018  99.97% 0.2500 0.350
146000  0.0042 0.0059 0.0018  99.94% 0.2500 0.350
146100  0.0047 0.0027 0.0019  99.91% 0.2500 0.350
146200  0.0068 0.0007 0.0018  99.86% 0.2500 0.350
146300  0.0032 0.0038 0.0019  99.97% 0.2500 0.350
146400  0.0021 0.0005 0.0018  99.99% 0.2500 0.350
146500  0.0034 0.0032 0.0018  99.97% 0.2500 0.350
146600  0.0026 0.0012 0.0019  99.98% 0.2500 0.350
146700  0.0068 0.0014 0.0019  99.84% 0.2500 0.350
146800  0.0048 0.0009 0.0018  99.92% 0.2500 0.350
146900  0.0046 0.0005 0.0019  99.93% 0.2500 0.350
147000  0.0025 0.0005 0.0019  99.98% 0.2500 0.350
147100  0.0052 0.0007 0.0018  99.90% 0.2500 0.350
147200  0.0030 0.0017 0.0019  99.97% 0.2500 0.350
147300  0.0030 0.0019 0.0019  99.97% 0.2500 0.350
147400  0.0052 0.0006 0.0019  99.91% 0.2500 0.350
147500  0.0033 0.0029 0.0019  99.97% 0.2500 0.350
147600  0.0036 0.0012 0.0019  99.95% 0.2500 0.350
147700  0.0067 0.0009 0.0019  99.87% 0.2500 0.350
147800  0.0027 0.0012 0.0018  99.98% 0.2500 0.350
147900  0.0038 0.0042 0.0019  99.93% 0.2500 0.350
148000  0.0049 0.0017 0.0019  99.92% 0.2500 0.350
148100  0.0031 0.0024 0.0019  99.97% 0.2500 0.350
148200  0.0035 0.0021 0.0018  99.96% 0.2500 0.350
148300  0.0027 0.0013 0.0018  99.98% 0.2500 0.350
148400  0.0028 0.0014 0.0019  99.97% 0.2500 0.350
148500  0.0029 0.0011 0.0019  99.97% 0.2500 0.350
148600  0.0025 0.0011 0.0018  99.98% 0.2500 0.350
148700  0.0028 0.0009 0.0019  99.97% 0.2500 0.350
148800  0.0029 0.0011 0.0019  99.96% 0.2500 0.350
148900  0.0054 0.0078 0.0019  99.90% 0.2500 0.350
149000  0.0035 0.0020 0.0019  99.96% 0.2500 0.350
149100  0.0035 0.0028 0.0019  99.96% 0.2500 0.350
149200  0.0039 0.0019 0.0019  99.95% 0.2500 0.350
149300  0.0022 0.0009 0.0018  99.99% 0.2500 0.350
149400  0.0062 0.0081 0.0018  99.87% 0.2500 0.350
149500  0.0039 0.0006 0.0018  99.95% 0.2500 0.350
149600  0.0031 0.0016 0.0018  99.97% 0.2500 0.350
149700  0.0039 0.0016 0.0018  99.96% 0.2500 0.350
149800  0.0038 0.0009 0.0018  99.95% 0.2500 0.350
149900  0.0034 0.0013 0.0018  99.96% 0.2500 0.350
150000  0.0029 0.0009 0.0019  99.97% 0.2500 0.350
============================================================================
训练完成。最佳 bit accuracy : 100.00%
权重保存在 './weights/'
